<?xml version="1.0" encoding="UTF-8"?>
<coverage generated="1772879020890" clover="3.2.0">
  <project timestamp="1772879020890" name="All files">
    <metrics statements="351" coveredstatements="156" conditionals="317" coveredconditionals="124" methods="61" coveredmethods="30" elements="729" coveredelements="310" complexity="0" loc="351" ncloc="351" packages="2" files="2" classes="2"/>
    <package name="services">
      <metrics statements="320" coveredstatements="133" conditionals="297" coveredconditionals="113" methods="55" coveredmethods="25"/>
      <file name="subsonicService.ts" path="/Users/ghenry/Documents/github/substreamer-rn/src/services/subsonicService.ts">
        <metrics statements="320" coveredstatements="133" conditionals="297" coveredconditionals="113" methods="55" coveredmethods="25"/>
        <line num="20" count="2" type="stmt"/>
        <line num="22" count="0" type="stmt"/>
        <line num="23" count="0" type="stmt"/>
        <line num="28" count="2" type="stmt"/>
        <line num="31" count="134" type="stmt"/>
        <line num="32" count="134" type="cond" truecount="4" falsecount="0"/>
        <line num="33" count="6" type="stmt"/>
        <line num="35" count="134" type="stmt"/>
        <line num="38" count="2" type="stmt"/>
        <line num="39" count="2" type="stmt"/>
        <line num="41" count="2" type="stmt"/>
        <line num="42" count="2" type="stmt"/>
        <line num="43" count="2" type="stmt"/>
        <line num="52" count="22" type="stmt"/>
        <line num="53" count="22" type="stmt"/>
        <line num="60" count="22" type="stmt"/>
        <line num="61" count="22" type="stmt"/>
        <line num="63" count="18" type="cond" truecount="2" falsecount="0"/>
        <line num="64" count="6" type="stmt"/>
        <line num="66" count="6" type="cond" truecount="4" falsecount="0"/>
        <line num="67" count="6" type="stmt"/>
        <line num="71" count="12" type="cond" truecount="4" falsecount="0"/>
        <line num="74" count="12" type="cond" truecount="1" falsecount="1"/>
        <line num="76" count="4" type="cond" truecount="2" falsecount="0"/>
        <line num="77" count="4" type="stmt"/>
        <line num="82" count="64" type="cond" truecount="2" falsecount="0"/>
        <line num="83" count="62" type="stmt"/>
        <line num="84" count="62" type="cond" truecount="6" falsecount="0"/>
        <line num="85" count="20" type="stmt"/>
        <line num="87" count="42" type="stmt"/>
        <line num="88" count="42" type="cond" truecount="4" falsecount="0"/>
        <line num="89" count="18" type="stmt"/>
        <line num="91" count="24" type="stmt"/>
        <line num="97" count="24" type="stmt"/>
        <line num="98" count="24" type="stmt"/>
        <line num="102" count="132" type="stmt"/>
        <line num="103" count="132" type="stmt"/>
        <line num="104" count="132" type="stmt"/>
        <line num="105" count="132" type="stmt"/>
        <line num="106" count="132" type="stmt"/>
        <line num="115" count="2" type="stmt"/>
        <line num="118" count="2" type="stmt"/>
        <line num="123" count="2" type="stmt"/>
        <line num="127" count="28" type="stmt"/>
        <line num="131" count="32" type="stmt"/>
        <line num="132" count="32" type="cond" truecount="6" falsecount="0"/>
        <line num="133" count="26" type="stmt"/>
        <line num="134" count="26" type="cond" truecount="2" falsecount="3"/>
        <line num="135" count="26" type="stmt"/>
        <line num="136" count="26" type="stmt"/>
        <line num="137" count="416" type="stmt"/>
        <line num="139" count="26" type="stmt"/>
        <line num="144" count="26" type="stmt"/>
        <line num="145" count="26" type="stmt"/>
        <line num="146" count="26" type="stmt"/>
        <line num="155" count="2" type="stmt"/>
        <line num="158" count="22" type="stmt"/>
        <line num="159" count="22" type="cond" truecount="2" falsecount="0"/>
        <line num="160" count="10" type="stmt"/>
        <line num="161" count="10" type="cond" truecount="2" falsecount="0"/>
        <line num="162" count="8" type="stmt"/>
        <line num="166" count="12" type="stmt"/>
        <line num="167" count="12" type="cond" truecount="6" falsecount="0"/>
        <line num="168" count="8" type="cond" truecount="5" falsecount="0"/>
        <line num="169" count="6" type="stmt"/>
        <line num="170" count="6" type="stmt"/>
        <line num="178" count="6" type="cond" truecount="4" falsecount="0"/>
        <line num="179" count="6" type="stmt"/>
        <line num="191" count="12" type="stmt"/>
        <line num="192" count="12" type="cond" truecount="6" falsecount="0"/>
        <line num="193" count="8" type="cond" truecount="4" falsecount="1"/>
        <line num="194" count="8" type="stmt"/>
        <line num="195" count="8" type="stmt"/>
        <line num="206" count="8" type="stmt"/>
        <line num="207" count="8" type="cond" truecount="2" falsecount="0"/>
        <line num="208" count="2" type="stmt"/>
        <line num="210" count="8" type="cond" truecount="2" falsecount="0"/>
        <line num="211" count="2" type="stmt"/>
        <line num="213" count="8" type="cond" truecount="2" falsecount="0"/>
        <line num="214" count="2" type="stmt"/>
        <line num="218" count="8" type="cond" truecount="4" falsecount="0"/>
        <line num="219" count="2" type="stmt"/>
        <line num="222" count="8" type="stmt"/>
        <line num="232" count="10" type="stmt"/>
        <line num="233" count="10" type="cond" truecount="6" falsecount="0"/>
        <line num="234" count="6" type="cond" truecount="4" falsecount="1"/>
        <line num="235" count="6" type="stmt"/>
        <line num="236" count="6" type="stmt"/>
        <line num="247" count="6" type="stmt"/>
        <line num="248" count="6" type="cond" truecount="2" falsecount="0"/>
        <line num="249" count="2" type="stmt"/>
        <line num="251" count="6" type="cond" truecount="2" falsecount="0"/>
        <line num="252" count="2" type="stmt"/>
        <line num="255" count="6" type="stmt"/>
        <line num="259" count="2" type="stmt"/>
        <line num="260" count="2" type="cond" truecount="1" falsecount="1"/>
        <line num="261" count="0" type="cond" truecount="0" falsecount="2"/>
        <line num="262" count="0" type="cond" truecount="0" falsecount="2"/>
        <line num="266" count="0" type="stmt"/>
        <line num="267" count="0" type="cond" truecount="0" falsecount="2"/>
        <line num="268" count="0" type="cond" truecount="0" falsecount="2"/>
        <line num="269" count="0" type="cond" truecount="0" falsecount="2"/>
        <line num="273" count="0" type="stmt"/>
        <line num="274" count="0" type="cond" truecount="0" falsecount="2"/>
        <line num="275" count="0" type="cond" truecount="0" falsecount="2"/>
        <line num="276" count="0" type="cond" truecount="0" falsecount="2"/>
        <line num="280" count="0" type="stmt"/>
        <line num="281" count="0" type="cond" truecount="0" falsecount="2"/>
        <line num="282" count="0" type="cond" truecount="0" falsecount="2"/>
        <line num="283" count="0" type="cond" truecount="0" falsecount="2"/>
        <line num="287" count="6" type="stmt"/>
        <line num="288" count="6" type="cond" truecount="2" falsecount="0"/>
        <line num="289" count="4" type="stmt"/>
        <line num="290" count="4" type="stmt"/>
        <line num="291" count="2" type="cond" truecount="1" falsecount="1"/>
        <line num="293" count="2" type="stmt"/>
        <line num="302" count="0" type="stmt"/>
        <line num="303" count="0" type="cond" truecount="0" falsecount="2"/>
        <line num="304" count="0" type="stmt"/>
        <line num="310" count="0" type="cond" truecount="0" falsecount="2"/>
        <line num="320" count="0" type="stmt"/>
        <line num="321" count="0" type="cond" truecount="0" falsecount="2"/>
        <line num="322" count="0" type="stmt"/>
        <line num="327" count="0" type="cond" truecount="0" falsecount="2"/>
        <line num="335" count="0" type="stmt"/>
        <line num="336" count="0" type="stmt"/>
        <line num="337" count="0" type="stmt"/>
        <line num="339" count="0" type="stmt"/>
        <line num="340" count="0" type="stmt"/>
        <line num="341" count="0" type="stmt"/>
        <line num="342" count="0" type="cond" truecount="0" falsecount="2"/>
        <line num="343" count="0" type="stmt"/>
        <line num="345" count="0" type="stmt"/>
        <line num="353" count="4" type="stmt"/>
        <line num="354" count="4" type="cond" truecount="2" falsecount="0"/>
        <line num="355" count="2" type="stmt"/>
        <line num="356" count="2" type="cond" truecount="1" falsecount="1"/>
        <line num="357" count="2" type="cond" truecount="1" falsecount="1"/>
        <line num="358" count="2" type="stmt"/>
        <line num="359" count="4" type="cond" truecount="2" falsecount="0"/>
        <line num="369" count="0" type="stmt"/>
        <line num="370" count="0" type="cond" truecount="0" falsecount="2"/>
        <line num="371" count="0" type="stmt"/>
        <line num="372" count="0" type="cond" truecount="0" falsecount="2"/>
        <line num="380" count="0" type="stmt"/>
        <line num="381" count="0" type="cond" truecount="0" falsecount="2"/>
        <line num="382" count="0" type="stmt"/>
        <line num="383" count="0" type="stmt"/>
        <line num="384" count="0" type="cond" truecount="0" falsecount="2"/>
        <line num="387" count="0" type="stmt"/>
        <line num="396" count="8" type="cond" truecount="2" falsecount="0"/>
        <line num="397" count="2" type="stmt"/>
        <line num="398" count="2" type="cond" truecount="1" falsecount="1"/>
        <line num="399" count="0" type="stmt"/>
        <line num="400" count="0" type="stmt"/>
        <line num="401" count="0" type="cond" truecount="0" falsecount="2"/>
        <line num="403" count="0" type="stmt"/>
        <line num="412" count="0" type="stmt"/>
        <line num="413" count="0" type="cond" truecount="0" falsecount="2"/>
        <line num="414" count="0" type="stmt"/>
        <line num="415" count="0" type="stmt"/>
        <line num="416" count="0" type="cond" truecount="0" falsecount="2"/>
        <line num="418" count="0" type="stmt"/>
        <line num="427" count="0" type="stmt"/>
        <line num="428" count="0" type="cond" truecount="0" falsecount="2"/>
        <line num="429" count="0" type="stmt"/>
        <line num="430" count="0" type="stmt"/>
        <line num="431" count="0" type="cond" truecount="0" falsecount="2"/>
        <line num="433" count="0" type="stmt"/>
        <line num="441" count="2" type="stmt"/>
        <line num="442" count="2" type="cond" truecount="1" falsecount="1"/>
        <line num="443" count="0" type="stmt"/>
        <line num="444" count="0" type="cond" truecount="0" falsecount="2"/>
        <line num="451" count="0" type="stmt"/>
        <line num="452" count="0" type="cond" truecount="0" falsecount="2"/>
        <line num="453" count="0" type="stmt"/>
        <line num="454" count="0" type="cond" truecount="0" falsecount="2"/>
        <line num="461" count="4" type="stmt"/>
        <line num="462" count="4" type="cond" truecount="1" falsecount="1"/>
        <line num="463" count="4" type="stmt"/>
        <line num="464" count="4" type="stmt"/>
        <line num="465" count="2" type="stmt"/>
        <line num="467" count="2" type="stmt"/>
        <line num="481" count="0" type="stmt"/>
        <line num="482" count="0" type="cond" truecount="0" falsecount="2"/>
        <line num="483" count="0" type="stmt"/>
        <line num="484" count="0" type="stmt"/>
        <line num="485" count="0" type="stmt"/>
        <line num="487" count="0" type="stmt"/>
        <line num="498" count="0" type="stmt"/>
        <line num="499" count="0" type="cond" truecount="0" falsecount="2"/>
        <line num="500" count="0" type="stmt"/>
        <line num="501" count="0" type="stmt"/>
        <line num="502" count="0" type="stmt"/>
        <line num="504" count="0" type="stmt"/>
        <line num="515" count="0" type="stmt"/>
        <line num="516" count="0" type="cond" truecount="0" falsecount="2"/>
        <line num="517" count="0" type="stmt"/>
        <line num="518" count="0" type="stmt"/>
        <line num="519" count="0" type="stmt"/>
        <line num="521" count="0" type="stmt"/>
        <line num="532" count="0" type="stmt"/>
        <line num="533" count="0" type="cond" truecount="0" falsecount="2"/>
        <line num="534" count="0" type="stmt"/>
        <line num="535" count="0" type="stmt"/>
        <line num="536" count="0" type="stmt"/>
        <line num="538" count="0" type="stmt"/>
        <line num="543" count="0" type="stmt"/>
        <line num="544" count="0" type="cond" truecount="0" falsecount="2"/>
        <line num="546" count="0" type="stmt"/>
        <line num="547" count="0" type="stmt"/>
        <line num="548" count="0" type="cond" truecount="0" falsecount="2"/>
        <line num="550" count="0" type="cond" truecount="0" falsecount="2"/>
        <line num="551" count="0" type="stmt"/>
        <line num="554" count="0" type="cond" truecount="0" falsecount="4"/>
        <line num="556" count="0" type="cond" truecount="0" falsecount="4"/>
        <line num="560" count="0" type="stmt"/>
        <line num="561" count="0" type="cond" truecount="0" falsecount="2"/>
        <line num="562" count="0" type="stmt"/>
        <line num="563" count="0" type="stmt"/>
        <line num="564" count="0" type="cond" truecount="0" falsecount="4"/>
        <line num="565" count="0" type="stmt"/>
        <line num="575" count="0" type="stmt"/>
        <line num="584" count="0" type="stmt"/>
        <line num="597" count="2" type="stmt"/>
        <line num="598" count="2" type="cond" truecount="1" falsecount="1"/>
        <line num="599" count="0" type="stmt"/>
        <line num="600" count="0" type="stmt"/>
        <line num="601" count="0" type="stmt"/>
        <line num="617" count="2" type="stmt"/>
        <line num="618" count="2" type="cond" truecount="2" falsecount="2"/>
        <line num="619" count="0" type="stmt"/>
        <line num="625" count="0" type="stmt"/>
        <line num="626" count="0" type="stmt"/>
        <line num="641" count="0" type="stmt"/>
        <line num="642" count="0" type="cond" truecount="0" falsecount="2"/>
        <line num="643" count="0" type="stmt"/>
        <line num="650" count="0" type="stmt"/>
        <line num="651" count="0" type="cond" truecount="0" falsecount="2"/>
        <line num="652" count="0" type="stmt"/>
        <line num="659" count="0" type="stmt"/>
        <line num="660" count="0" type="cond" truecount="0" falsecount="2"/>
        <line num="661" count="0" type="stmt"/>
        <line num="668" count="0" type="stmt"/>
        <line num="669" count="0" type="cond" truecount="0" falsecount="2"/>
        <line num="670" count="0" type="stmt"/>
        <line num="677" count="2" type="stmt"/>
        <line num="678" count="2" type="cond" truecount="1" falsecount="1"/>
        <line num="679" count="2" type="stmt"/>
        <line num="686" count="2" type="stmt"/>
        <line num="687" count="2" type="cond" truecount="1" falsecount="1"/>
        <line num="688" count="2" type="stmt"/>
        <line num="696" count="2" type="stmt"/>
        <line num="697" count="2" type="cond" truecount="1" falsecount="1"/>
        <line num="698" count="2" type="stmt"/>
        <line num="716" count="2" type="stmt"/>
        <line num="717" count="2" type="cond" truecount="1" falsecount="1"/>
        <line num="718" count="0" type="stmt"/>
        <line num="719" count="0" type="stmt"/>
        <line num="720" count="0" type="stmt"/>
        <line num="727" count="0" type="stmt"/>
        <line num="736" count="0" type="stmt"/>
        <line num="737" count="0" type="cond" truecount="0" falsecount="2"/>
        <line num="738" count="0" type="stmt"/>
        <line num="739" count="0" type="cond" truecount="0" falsecount="2"/>
        <line num="740" count="0" type="stmt"/>
        <line num="747" count="0" type="stmt"/>
        <line num="756" count="0" type="stmt"/>
        <line num="757" count="0" type="cond" truecount="0" falsecount="2"/>
        <line num="758" count="0" type="stmt"/>
        <line num="759" count="0" type="stmt"/>
        <line num="760" count="0" type="cond" truecount="0" falsecount="2"/>
        <line num="762" count="0" type="stmt"/>
        <line num="771" count="0" type="stmt"/>
        <line num="772" count="0" type="cond" truecount="0" falsecount="2"/>
        <line num="773" count="0" type="stmt"/>
        <line num="774" count="0" type="stmt"/>
        <line num="775" count="0" type="cond" truecount="0" falsecount="2"/>
        <line num="776" count="0" type="cond" truecount="0" falsecount="2"/>
        <line num="777" count="0" type="stmt"/>
        <line num="778" count="0" type="cond" truecount="0" falsecount="2"/>
        <line num="779" count="0" type="cond" truecount="0" falsecount="2"/>
        <line num="781" count="0" type="stmt"/>
        <line num="795" count="0" type="cond" truecount="0" falsecount="2"/>
        <line num="796" count="0" type="cond" truecount="0" falsecount="2"/>
        <line num="798" count="0" type="stmt"/>
        <line num="799" count="0" type="cond" truecount="0" falsecount="6"/>
        <line num="801" count="0" type="stmt"/>
        <line num="802" count="0" type="stmt"/>
        <line num="803" count="0" type="stmt"/>
        <line num="804" count="0" type="stmt"/>
        <line num="805" count="0" type="stmt"/>
        <line num="807" count="0" type="stmt"/>
        <line num="813" count="0" type="stmt"/>
        <line num="821" count="0" type="cond" truecount="0" falsecount="2"/>
        <line num="822" count="0" type="cond" truecount="0" falsecount="2"/>
        <line num="824" count="0" type="stmt"/>
        <line num="825" count="0" type="stmt"/>
        <line num="827" count="0" type="stmt"/>
        <line num="828" count="0" type="stmt"/>
        <line num="829" count="0" type="stmt"/>
        <line num="830" count="0" type="cond" truecount="0" falsecount="2"/>
        <line num="831" count="0" type="cond" truecount="0" falsecount="2"/>
        <line num="832" count="0" type="cond" truecount="0" falsecount="2"/>
        <line num="834" count="0" type="stmt"/>
        <line num="843" count="0" type="stmt"/>
        <line num="844" count="0" type="cond" truecount="0" falsecount="2"/>
        <line num="845" count="0" type="stmt"/>
        <line num="846" count="0" type="stmt"/>
        <line num="847" count="0" type="cond" truecount="0" falsecount="2"/>
        <line num="848" count="0" type="cond" truecount="0" falsecount="2"/>
        <line num="849" count="0" type="stmt"/>
        <line num="850" count="0" type="stmt"/>
        <line num="852" count="0" type="stmt"/>
        <line num="857" count="0" type="stmt"/>
        <line num="858" count="0" type="cond" truecount="0" falsecount="2"/>
        <line num="859" count="0" type="stmt"/>
        <line num="860" count="0" type="stmt"/>
        <line num="861" count="0" type="stmt"/>
        <line num="863" count="0" type="stmt"/>
      </file>
    </package>
    <package name="store">
      <metrics statements="31" coveredstatements="23" conditionals="20" coveredconditionals="11" methods="6" coveredmethods="5"/>
      <file name="artistDetailStore.ts" path="/Users/ghenry/Documents/github/substreamer-rn/src/store/artistDetailStore.ts">
        <metrics statements="31" coveredstatements="23" conditionals="20" coveredconditionals="11" methods="6" coveredmethods="5"/>
        <line num="45" count="2" type="stmt"/>
        <line num="47" count="2" type="stmt"/>
        <line num="49" count="2" type="stmt"/>
        <line num="53" count="12" type="stmt"/>
        <line num="55" count="12" type="stmt"/>
        <line num="56" count="12" type="cond" truecount="2" falsecount="0"/>
        <line num="59" count="10" type="cond" truecount="2" falsecount="0"/>
        <line num="60" count="8" type="stmt"/>
        <line num="71" count="8" type="stmt"/>
        <line num="72" count="8" type="stmt"/>
        <line num="76" count="2" type="stmt"/>
        <line num="78" count="0" type="stmt"/>
        <line num="82" count="2" type="stmt"/>
        <line num="83" count="2" type="stmt"/>
        <line num="84" count="2" type="cond" truecount="1" falsecount="1"/>
        <line num="85" count="2" type="cond" truecount="3" falsecount="1"/>
        <line num="86" count="2" type="stmt"/>
        <line num="87" count="2" type="cond" truecount="3" falsecount="0"/>
        <line num="91" count="0" type="stmt"/>
        <line num="92" count="0" type="stmt"/>
        <line num="93" count="0" type="cond" truecount="0" falsecount="3"/>
        <line num="96" count="0" type="stmt"/>
        <line num="97" count="0" type="cond" truecount="0" falsecount="2"/>
        <line num="98" count="0" type="stmt"/>
        <line num="99" count="0" type="cond" truecount="0" falsecount="2"/>
        <line num="106" count="2" type="stmt"/>
        <line num="115" count="2" type="stmt"/>
        <line num="122" count="2" type="stmt"/>
        <line num="125" count="12" type="stmt"/>
        <line num="129" count="2" type="stmt"/>
        <line num="130" count="22" type="stmt"/>
      </file>
    </package>
  </project>
</coverage>
