{"/Users/ghenry/Documents/github/substreamer-rn/src/services/subsonicService.ts": {"path":"/Users/ghenry/Documents/github/substreamer-rn/src/services/subsonicService.ts","statementMap":{"0":{"start":{"line":20,"column":34},"end":{"line":25,"column":11}},"1":{"start":{"line":22,"column":4},"end":{"line":22,"column":52}},"2":{"start":{"line":23,"column":4},"end":{"line":23,"column":17}},"3":{"start":{"line":28,"column":2},"end":{"line":28,"column":12}},"4":{"start":{"line":31,"column":13},"end":{"line":31,"column":23}},"5":{"start":{"line":32,"column":2},"end":{"line":34,"column":3}},"6":{"start":{"line":33,"column":4},"end":{"line":33,"column":29}},"7":{"start":{"line":35,"column":2},"end":{"line":35,"column":34}},"8":{"start":{"line":38,"column":36},"end":{"line":38,"column":40}},"9":{"start":{"line":39,"column":31},"end":{"line":39,"column":35}},"10":{"start":{"line":41,"column":39},"end":{"line":41,"column":43}},"11":{"start":{"line":42,"column":40},"end":{"line":42,"column":44}},"12":{"start":{"line":43,"column":41},"end":{"line":43,"column":45}},"13":{"start":{"line":52,"column":14},"end":{"line":52,"column":43}},"14":{"start":{"line":53,"column":14},"end":{"line":58,"column":4}},"15":{"start":{"line":60,"column":2},"end":{"line":78,"column":3}},"16":{"start":{"line":61,"column":21},"end":{"line":61,"column":37}},"17":{"start":{"line":63,"column":4},"end":{"line":68,"column":5}},"18":{"start":{"line":64,"column":18},"end":{"line":64,"column":85}},"19":{"start":{"line":66,"column":8},"end":{"line":66,"column":99}},"20":{"start":{"line":67,"column":6},"end":{"line":67,"column":48}},"21":{"start":{"line":71,"column":6},"end":{"line":73,"column":26}},"22":{"start":{"line":74,"column":4},"end":{"line":74,"column":67}},"23":{"start":{"line":76,"column":20},"end":{"line":76,"column":76}},"24":{"start":{"line":77,"column":4},"end":{"line":77,"column":46}},"25":{"start":{"line":82,"column":2},"end":{"line":82,"column":59}},"26":{"start":{"line":82,"column":47},"end":{"line":82,"column":59}},"27":{"start":{"line":83,"column":56},"end":{"line":83,"column":76}},"28":{"start":{"line":84,"column":2},"end":{"line":86,"column":3}},"29":{"start":{"line":85,"column":4},"end":{"line":85,"column":16}},"30":{"start":{"line":87,"column":14},"end":{"line":87,"column":60}},"31":{"start":{"line":88,"column":2},"end":{"line":90,"column":3}},"32":{"start":{"line":89,"column":4},"end":{"line":89,"column":21}},"33":{"start":{"line":91,"column":2},"end":{"line":96,"column":5}},"34":{"start":{"line":97,"column":2},"end":{"line":97,"column":18}},"35":{"start":{"line":98,"column":2},"end":{"line":98,"column":19}},"36":{"start":{"line":102,"column":2},"end":{"line":102,"column":19}},"37":{"start":{"line":103,"column":2},"end":{"line":103,"column":19}},"38":{"start":{"line":104,"column":2},"end":{"line":104,"column":27}},"39":{"start":{"line":105,"column":2},"end":{"line":105,"column":28}},"40":{"start":{"line":106,"column":2},"end":{"line":106,"column":29}},"41":{"start":{"line":115,"column":36},"end":{"line":115,"column":53}},"42":{"start":{"line":118,"column":2},"end":{"line":120,"column":67}},"43":{"start":{"line":123,"column":44},"end":{"line":123,"column":71}},"44":{"start":{"line":127,"column":2},"end":{"line":127,"column":58}},"45":{"start":{"line":131,"column":56},"end":{"line":131,"column":76}},"46":{"start":{"line":132,"column":2},"end":{"line":132,"column":66}},"47":{"start":{"line":132,"column":59},"end":{"line":132,"column":66}},"48":{"start":{"line":133,"column":14},"end":{"line":133,"column":60}},"49":{"start":{"line":134,"column":2},"end":{"line":134,"column":85}},"50":{"start":{"line":134,"column":78},"end":{"line":134,"column":85}},"51":{"start":{"line":135,"column":16},"end":{"line":135,"column":45}},"52":{"start":{"line":136,"column":15},"end":{"line":138,"column":13}},"53":{"start":{"line":137,"column":16},"end":{"line":137,"column":47}},"54":{"start":{"line":139,"column":16},"end":{"line":143,"column":3}},"55":{"start":{"line":144,"column":2},"end":{"line":144,"column":26}},"56":{"start":{"line":145,"column":2},"end":{"line":145,"column":28}},"57":{"start":{"line":146,"column":2},"end":{"line":146,"column":30}},"58":{"start":{"line":155,"column":22},"end":{"line":155,"column":36}},"59":{"start":{"line":158,"column":12},"end":{"line":158,"column":39}},"60":{"start":{"line":159,"column":2},"end":{"line":159,"column":32}},"61":{"start":{"line":159,"column":14},"end":{"line":159,"column":32}},"62":{"start":{"line":160,"column":17},"end":{"line":160,"column":40}},"63":{"start":{"line":161,"column":2},"end":{"line":161,"column":53}},"64":{"start":{"line":161,"column":35},"end":{"line":161,"column":53}},"65":{"start":{"line":162,"column":2},"end":{"line":162,"column":32}},"66":{"start":{"line":166,"column":46},"end":{"line":166,"column":66}},"67":{"start":{"line":167,"column":2},"end":{"line":167,"column":73}},"68":{"start":{"line":167,"column":61},"end":{"line":167,"column":73}},"69":{"start":{"line":168,"column":2},"end":{"line":168,"column":93}},"70":{"start":{"line":168,"column":81},"end":{"line":168,"column":93}},"71":{"start":{"line":169,"column":15},"end":{"line":169,"column":71}},"72":{"start":{"line":170,"column":17},"end":{"line":177,"column":4}},"73":{"start":{"line":178,"column":2},"end":{"line":178,"column":65}},"74":{"start":{"line":178,"column":32},"end":{"line":178,"column":65}},"75":{"start":{"line":179,"column":2},"end":{"line":179,"column":40}},"76":{"start":{"line":191,"column":46},"end":{"line":191,"column":66}},"77":{"start":{"line":192,"column":2},"end":{"line":192,"column":70}},"78":{"start":{"line":192,"column":58},"end":{"line":192,"column":70}},"79":{"start":{"line":193,"column":2},"end":{"line":193,"column":93}},"80":{"start":{"line":193,"column":81},"end":{"line":193,"column":93}},"81":{"start":{"line":194,"column":15},"end":{"line":194,"column":66}},"82":{"start":{"line":195,"column":17},"end":{"line":202,"column":4}},"83":{"start":{"line":206,"column":4},"end":{"line":206,"column":36}},"84":{"start":{"line":207,"column":2},"end":{"line":209,"column":3}},"85":{"start":{"line":208,"column":4},"end":{"line":208,"column":49}},"86":{"start":{"line":210,"column":2},"end":{"line":212,"column":3}},"87":{"start":{"line":211,"column":4},"end":{"line":211,"column":32}},"88":{"start":{"line":213,"column":2},"end":{"line":215,"column":3}},"89":{"start":{"line":214,"column":4},"end":{"line":214,"column":48}},"90":{"start":{"line":218,"column":2},"end":{"line":220,"column":3}},"91":{"start":{"line":219,"column":4},"end":{"line":219,"column":49}},"92":{"start":{"line":222,"column":2},"end":{"line":222,"column":40}},"93":{"start":{"line":232,"column":46},"end":{"line":232,"column":66}},"94":{"start":{"line":233,"column":2},"end":{"line":233,"column":70}},"95":{"start":{"line":233,"column":58},"end":{"line":233,"column":70}},"96":{"start":{"line":234,"column":2},"end":{"line":234,"column":93}},"97":{"start":{"line":234,"column":81},"end":{"line":234,"column":93}},"98":{"start":{"line":235,"column":15},"end":{"line":235,"column":66}},"99":{"start":{"line":236,"column":17},"end":{"line":244,"column":4}},"100":{"start":{"line":247,"column":4},"end":{"line":247,"column":36}},"101":{"start":{"line":248,"column":2},"end":{"line":250,"column":3}},"102":{"start":{"line":249,"column":4},"end":{"line":249,"column":57}},"103":{"start":{"line":251,"column":2},"end":{"line":253,"column":3}},"104":{"start":{"line":252,"column":4},"end":{"line":252,"column":32}},"105":{"start":{"line":255,"column":2},"end":{"line":255,"column":40}},"106":{"start":{"line":259,"column":14},"end":{"line":259,"column":22}},"107":{"start":{"line":260,"column":2},"end":{"line":260,"column":22}},"108":{"start":{"line":260,"column":12},"end":{"line":260,"column":22}},"109":{"start":{"line":261,"column":19},"end":{"line":261,"column":80}},"110":{"start":{"line":262,"column":2},"end":{"line":262,"column":42}},"111":{"start":{"line":266,"column":14},"end":{"line":266,"column":22}},"112":{"start":{"line":267,"column":2},"end":{"line":267,"column":22}},"113":{"start":{"line":267,"column":12},"end":{"line":267,"column":22}},"114":{"start":{"line":268,"column":19},"end":{"line":268,"column":80}},"115":{"start":{"line":269,"column":2},"end":{"line":269,"column":42}},"116":{"start":{"line":273,"column":14},"end":{"line":273,"column":22}},"117":{"start":{"line":274,"column":2},"end":{"line":274,"column":22}},"118":{"start":{"line":274,"column":12},"end":{"line":274,"column":22}},"119":{"start":{"line":275,"column":19},"end":{"line":275,"column":82}},"120":{"start":{"line":276,"column":2},"end":{"line":276,"column":42}},"121":{"start":{"line":280,"column":14},"end":{"line":280,"column":22}},"122":{"start":{"line":281,"column":2},"end":{"line":281,"column":22}},"123":{"start":{"line":281,"column":12},"end":{"line":281,"column":22}},"124":{"start":{"line":282,"column":19},"end":{"line":282,"column":80}},"125":{"start":{"line":283,"column":2},"end":{"line":283,"column":42}},"126":{"start":{"line":287,"column":14},"end":{"line":287,"column":22}},"127":{"start":{"line":288,"column":2},"end":{"line":288,"column":24}},"128":{"start":{"line":288,"column":12},"end":{"line":288,"column":24}},"129":{"start":{"line":289,"column":2},"end":{"line":294,"column":3}},"130":{"start":{"line":290,"column":21},"end":{"line":290,"column":56}},"131":{"start":{"line":291,"column":4},"end":{"line":291,"column":34}},"132":{"start":{"line":293,"column":4},"end":{"line":293,"column":16}},"133":{"start":{"line":302,"column":14},"end":{"line":302,"column":22}},"134":{"start":{"line":303,"column":2},"end":{"line":303,"column":22}},"135":{"start":{"line":303,"column":12},"end":{"line":303,"column":22}},"136":{"start":{"line":304,"column":19},"end":{"line":309,"column":4}},"137":{"start":{"line":310,"column":2},"end":{"line":310,"column":45}},"138":{"start":{"line":320,"column":14},"end":{"line":320,"column":22}},"139":{"start":{"line":321,"column":2},"end":{"line":321,"column":22}},"140":{"start":{"line":321,"column":12},"end":{"line":321,"column":22}},"141":{"start":{"line":322,"column":19},"end":{"line":326,"column":4}},"142":{"start":{"line":327,"column":2},"end":{"line":327,"column":42}},"143":{"start":{"line":335,"column":20},"end":{"line":335,"column":23}},"144":{"start":{"line":336,"column":15},"end":{"line":336,"column":16}},"145":{"start":{"line":337,"column":32},"end":{"line":337,"column":34}},"146":{"start":{"line":339,"column":2},"end":{"line":344,"column":3}},"147":{"start":{"line":340,"column":18},"end":{"line":340,"column":67}},"148":{"start":{"line":341,"column":4},"end":{"line":341,"column":29}},"149":{"start":{"line":342,"column":4},"end":{"line":342,"column":40}},"150":{"start":{"line":342,"column":34},"end":{"line":342,"column":40}},"151":{"start":{"line":343,"column":4},"end":{"line":343,"column":24}},"152":{"start":{"line":345,"column":2},"end":{"line":345,"column":19}},"153":{"start":{"line":353,"column":14},"end":{"line":353,"column":22}},"154":{"start":{"line":354,"column":2},"end":{"line":354,"column":22}},"155":{"start":{"line":354,"column":12},"end":{"line":354,"column":22}},"156":{"start":{"line":355,"column":19},"end":{"line":355,"column":41}},"157":{"start":{"line":356,"column":18},"end":{"line":356,"column":47}},"158":{"start":{"line":357,"column":18},"end":{"line":357,"column":60}},"159":{"start":{"line":357,"column":43},"end":{"line":357,"column":59}},"160":{"start":{"line":358,"column":2},"end":{"line":362,"column":4}},"161":{"start":{"line":359,"column":4},"end":{"line":361,"column":9}},"162":{"start":{"line":369,"column":14},"end":{"line":369,"column":22}},"163":{"start":{"line":370,"column":2},"end":{"line":370,"column":24}},"164":{"start":{"line":370,"column":12},"end":{"line":370,"column":24}},"165":{"start":{"line":371,"column":19},"end":{"line":371,"column":46}},"166":{"start":{"line":372,"column":2},"end":{"line":372,"column":33}},"167":{"start":{"line":380,"column":14},"end":{"line":380,"column":22}},"168":{"start":{"line":381,"column":2},"end":{"line":381,"column":24}},"169":{"start":{"line":381,"column":12},"end":{"line":381,"column":24}},"170":{"start":{"line":382,"column":2},"end":{"line":388,"column":3}},"171":{"start":{"line":383,"column":21},"end":{"line":383,"column":53}},"172":{"start":{"line":384,"column":4},"end":{"line":384,"column":40}},"173":{"start":{"line":387,"column":4},"end":{"line":387,"column":16}},"174":{"start":{"line":396,"column":2},"end":{"line":396,"column":46}},"175":{"start":{"line":396,"column":36},"end":{"line":396,"column":46}},"176":{"start":{"line":397,"column":14},"end":{"line":397,"column":22}},"177":{"start":{"line":398,"column":2},"end":{"line":398,"column":22}},"178":{"start":{"line":398,"column":12},"end":{"line":398,"column":22}},"179":{"start":{"line":399,"column":2},"end":{"line":404,"column":3}},"180":{"start":{"line":400,"column":21},"end":{"line":400,"column":80}},"181":{"start":{"line":401,"column":4},"end":{"line":401,"column":41}},"182":{"start":{"line":403,"column":4},"end":{"line":403,"column":14}},"183":{"start":{"line":412,"column":14},"end":{"line":412,"column":22}},"184":{"start":{"line":413,"column":2},"end":{"line":413,"column":22}},"185":{"start":{"line":413,"column":12},"end":{"line":413,"column":22}},"186":{"start":{"line":414,"column":2},"end":{"line":419,"column":3}},"187":{"start":{"line":415,"column":21},"end":{"line":415,"column":69}},"188":{"start":{"line":416,"column":4},"end":{"line":416,"column":45}},"189":{"start":{"line":418,"column":4},"end":{"line":418,"column":14}},"190":{"start":{"line":427,"column":14},"end":{"line":427,"column":22}},"191":{"start":{"line":428,"column":2},"end":{"line":428,"column":22}},"192":{"start":{"line":428,"column":12},"end":{"line":428,"column":22}},"193":{"start":{"line":429,"column":2},"end":{"line":434,"column":3}},"194":{"start":{"line":430,"column":21},"end":{"line":430,"column":72}},"195":{"start":{"line":431,"column":4},"end":{"line":431,"column":46}},"196":{"start":{"line":433,"column":4},"end":{"line":433,"column":14}},"197":{"start":{"line":441,"column":14},"end":{"line":441,"column":22}},"198":{"start":{"line":442,"column":2},"end":{"line":442,"column":22}},"199":{"start":{"line":442,"column":12},"end":{"line":442,"column":22}},"200":{"start":{"line":443,"column":19},"end":{"line":443,"column":43}},"201":{"start":{"line":444,"column":2},"end":{"line":444,"column":44}},"202":{"start":{"line":451,"column":14},"end":{"line":451,"column":22}},"203":{"start":{"line":452,"column":2},"end":{"line":452,"column":24}},"204":{"start":{"line":452,"column":12},"end":{"line":452,"column":24}},"205":{"start":{"line":453,"column":19},"end":{"line":453,"column":48}},"206":{"start":{"line":454,"column":2},"end":{"line":454,"column":35}},"207":{"start":{"line":461,"column":14},"end":{"line":461,"column":22}},"208":{"start":{"line":462,"column":2},"end":{"line":462,"column":25}},"209":{"start":{"line":462,"column":12},"end":{"line":462,"column":25}},"210":{"start":{"line":463,"column":2},"end":{"line":468,"column":3}},"211":{"start":{"line":464,"column":4},"end":{"line":464,"column":37}},"212":{"start":{"line":465,"column":4},"end":{"line":465,"column":16}},"213":{"start":{"line":467,"column":4},"end":{"line":467,"column":17}},"214":{"start":{"line":481,"column":14},"end":{"line":481,"column":22}},"215":{"start":{"line":482,"column":2},"end":{"line":482,"column":25}},"216":{"start":{"line":482,"column":12},"end":{"line":482,"column":25}},"217":{"start":{"line":483,"column":2},"end":{"line":488,"column":3}},"218":{"start":{"line":484,"column":4},"end":{"line":484,"column":68}},"219":{"start":{"line":485,"column":4},"end":{"line":485,"column":16}},"220":{"start":{"line":487,"column":4},"end":{"line":487,"column":17}},"221":{"start":{"line":498,"column":14},"end":{"line":498,"column":22}},"222":{"start":{"line":499,"column":2},"end":{"line":499,"column":25}},"223":{"start":{"line":499,"column":12},"end":{"line":499,"column":25}},"224":{"start":{"line":500,"column":2},"end":{"line":505,"column":3}},"225":{"start":{"line":501,"column":4},"end":{"line":501,"column":56}},"226":{"start":{"line":502,"column":4},"end":{"line":502,"column":16}},"227":{"start":{"line":504,"column":4},"end":{"line":504,"column":17}},"228":{"start":{"line":515,"column":14},"end":{"line":515,"column":22}},"229":{"start":{"line":516,"column":2},"end":{"line":516,"column":25}},"230":{"start":{"line":516,"column":12},"end":{"line":516,"column":25}},"231":{"start":{"line":517,"column":2},"end":{"line":522,"column":3}},"232":{"start":{"line":518,"column":4},"end":{"line":518,"column":67}},"233":{"start":{"line":519,"column":4},"end":{"line":519,"column":16}},"234":{"start":{"line":521,"column":4},"end":{"line":521,"column":17}},"235":{"start":{"line":532,"column":14},"end":{"line":532,"column":22}},"236":{"start":{"line":533,"column":2},"end":{"line":533,"column":25}},"237":{"start":{"line":533,"column":12},"end":{"line":533,"column":25}},"238":{"start":{"line":534,"column":2},"end":{"line":539,"column":3}},"239":{"start":{"line":535,"column":4},"end":{"line":535,"column":77}},"240":{"start":{"line":536,"column":4},"end":{"line":536,"column":16}},"241":{"start":{"line":538,"column":4},"end":{"line":538,"column":17}},"242":{"start":{"line":543,"column":14},"end":{"line":543,"column":22}},"243":{"start":{"line":544,"column":2},"end":{"line":544,"column":24}},"244":{"start":{"line":544,"column":12},"end":{"line":544,"column":24}},"245":{"start":{"line":546,"column":2},"end":{"line":585,"column":3}},"246":{"start":{"line":547,"column":25},"end":{"line":547,"column":41}},"247":{"start":{"line":548,"column":4},"end":{"line":548,"column":50}},"248":{"start":{"line":548,"column":38},"end":{"line":548,"column":50}},"249":{"start":{"line":550,"column":23},"end":{"line":550,"column":51}},"250":{"start":{"line":551,"column":25},"end":{"line":553,"column":5}},"251":{"start":{"line":554,"column":23},"end":{"line":554,"column":88}},"252":{"start":{"line":556,"column":6},"end":{"line":558,"column":14}},"253":{"start":{"line":560,"column":47},"end":{"line":560,"column":49}},"254":{"start":{"line":561,"column":4},"end":{"line":573,"column":5}},"255":{"start":{"line":562,"column":6},"end":{"line":572,"column":7}},"256":{"start":{"line":563,"column":28},"end":{"line":563,"column":65}},"257":{"start":{"line":564,"column":8},"end":{"line":569,"column":9}},"258":{"start":{"line":565,"column":10},"end":{"line":568,"column":14}},"259":{"start":{"line":565,"column":70},"end":{"line":568,"column":11}},"260":{"start":{"line":575,"column":4},"end":{"line":582,"column":6}},"261":{"start":{"line":584,"column":4},"end":{"line":584,"column":16}},"262":{"start":{"line":597,"column":14},"end":{"line":597,"column":22}},"263":{"start":{"line":598,"column":2},"end":{"line":598,"column":58}},"264":{"start":{"line":598,"column":12},"end":{"line":598,"column":58}},"265":{"start":{"line":599,"column":19},"end":{"line":599,"column":42}},"266":{"start":{"line":600,"column":18},"end":{"line":600,"column":35}},"267":{"start":{"line":601,"column":2},"end":{"line":605,"column":4}},"268":{"start":{"line":617,"column":14},"end":{"line":617,"column":22}},"269":{"start":{"line":618,"column":2},"end":{"line":618,"column":75}},"270":{"start":{"line":618,"column":29},"end":{"line":618,"column":75}},"271":{"start":{"line":619,"column":19},"end":{"line":624,"column":4}},"272":{"start":{"line":625,"column":12},"end":{"line":625,"column":34}},"273":{"start":{"line":626,"column":2},"end":{"line":630,"column":4}},"274":{"start":{"line":641,"column":14},"end":{"line":641,"column":22}},"275":{"start":{"line":642,"column":2},"end":{"line":642,"column":19}},"276":{"start":{"line":642,"column":12},"end":{"line":642,"column":19}},"277":{"start":{"line":643,"column":2},"end":{"line":643,"column":30}},"278":{"start":{"line":650,"column":14},"end":{"line":650,"column":22}},"279":{"start":{"line":651,"column":2},"end":{"line":651,"column":19}},"280":{"start":{"line":651,"column":12},"end":{"line":651,"column":19}},"281":{"start":{"line":652,"column":2},"end":{"line":652,"column":32}},"282":{"start":{"line":659,"column":14},"end":{"line":659,"column":22}},"283":{"start":{"line":660,"column":2},"end":{"line":660,"column":19}},"284":{"start":{"line":660,"column":12},"end":{"line":660,"column":19}},"285":{"start":{"line":661,"column":2},"end":{"line":661,"column":31}},"286":{"start":{"line":668,"column":14},"end":{"line":668,"column":22}},"287":{"start":{"line":669,"column":2},"end":{"line":669,"column":19}},"288":{"start":{"line":669,"column":12},"end":{"line":669,"column":19}},"289":{"start":{"line":670,"column":2},"end":{"line":670,"column":33}},"290":{"start":{"line":677,"column":14},"end":{"line":677,"column":22}},"291":{"start":{"line":678,"column":2},"end":{"line":678,"column":19}},"292":{"start":{"line":678,"column":12},"end":{"line":678,"column":19}},"293":{"start":{"line":679,"column":2},"end":{"line":679,"column":25}},"294":{"start":{"line":686,"column":14},"end":{"line":686,"column":22}},"295":{"start":{"line":687,"column":2},"end":{"line":687,"column":19}},"296":{"start":{"line":687,"column":12},"end":{"line":687,"column":19}},"297":{"start":{"line":688,"column":2},"end":{"line":688,"column":27}},"298":{"start":{"line":696,"column":14},"end":{"line":696,"column":22}},"299":{"start":{"line":697,"column":2},"end":{"line":697,"column":19}},"300":{"start":{"line":697,"column":12},"end":{"line":697,"column":19}},"301":{"start":{"line":698,"column":2},"end":{"line":698,"column":38}},"302":{"start":{"line":716,"column":14},"end":{"line":716,"column":22}},"303":{"start":{"line":717,"column":2},"end":{"line":717,"column":24}},"304":{"start":{"line":717,"column":12},"end":{"line":717,"column":24}},"305":{"start":{"line":718,"column":2},"end":{"line":728,"column":3}},"306":{"start":{"line":719,"column":21},"end":{"line":719,"column":46}},"307":{"start":{"line":720,"column":4},"end":{"line":725,"column":6}},"308":{"start":{"line":727,"column":4},"end":{"line":727,"column":16}},"309":{"start":{"line":736,"column":14},"end":{"line":736,"column":22}},"310":{"start":{"line":737,"column":2},"end":{"line":737,"column":24}},"311":{"start":{"line":737,"column":12},"end":{"line":737,"column":24}},"312":{"start":{"line":738,"column":2},"end":{"line":748,"column":3}},"313":{"start":{"line":739,"column":21},"end":{"line":739,"column":85}},"314":{"start":{"line":740,"column":4},"end":{"line":745,"column":6}},"315":{"start":{"line":747,"column":4},"end":{"line":747,"column":16}},"316":{"start":{"line":756,"column":14},"end":{"line":756,"column":22}},"317":{"start":{"line":757,"column":2},"end":{"line":757,"column":24}},"318":{"start":{"line":757,"column":12},"end":{"line":757,"column":24}},"319":{"start":{"line":758,"column":2},"end":{"line":763,"column":3}},"320":{"start":{"line":759,"column":21},"end":{"line":759,"column":42}},"321":{"start":{"line":760,"column":4},"end":{"line":760,"column":40}},"322":{"start":{"line":762,"column":4},"end":{"line":762,"column":16}},"323":{"start":{"line":771,"column":14},"end":{"line":771,"column":22}},"324":{"start":{"line":772,"column":2},"end":{"line":772,"column":24}},"325":{"start":{"line":772,"column":12},"end":{"line":772,"column":24}},"326":{"start":{"line":773,"column":2},"end":{"line":782,"column":3}},"327":{"start":{"line":774,"column":73},"end":{"line":774,"column":79}},"328":{"start":{"line":775,"column":4},"end":{"line":775,"column":52}},"329":{"start":{"line":775,"column":21},"end":{"line":775,"column":52}},"330":{"start":{"line":776,"column":4},"end":{"line":776,"column":48}},"331":{"start":{"line":776,"column":25},"end":{"line":776,"column":48}},"332":{"start":{"line":777,"column":21},"end":{"line":777,"column":48}},"333":{"start":{"line":778,"column":19},"end":{"line":778,"column":47}},"334":{"start":{"line":779,"column":4},"end":{"line":779,"column":29}},"335":{"start":{"line":781,"column":4},"end":{"line":781,"column":16}},"336":{"start":{"line":795,"column":2},"end":{"line":795,"column":36}},"337":{"start":{"line":795,"column":24},"end":{"line":795,"column":36}},"338":{"start":{"line":796,"column":2},"end":{"line":796,"column":73}},"339":{"start":{"line":796,"column":24},"end":{"line":796,"column":73}},"340":{"start":{"line":798,"column":56},"end":{"line":798,"column":76}},"341":{"start":{"line":799,"column":2},"end":{"line":799,"column":71}},"342":{"start":{"line":799,"column":59},"end":{"line":799,"column":71}},"343":{"start":{"line":801,"column":2},"end":{"line":835,"column":3}},"344":{"start":{"line":802,"column":17},"end":{"line":802,"column":46}},"345":{"start":{"line":803,"column":18},"end":{"line":803,"column":47}},"346":{"start":{"line":804,"column":17},"end":{"line":806,"column":15}},"347":{"start":{"line":805,"column":18},"end":{"line":805,"column":49}},"348":{"start":{"line":807,"column":18},"end":{"line":811,"column":5}},"349":{"start":{"line":813,"column":19},"end":{"line":820,"column":6}},"350":{"start":{"line":821,"column":4},"end":{"line":821,"column":60}},"351":{"start":{"line":821,"column":21},"end":{"line":821,"column":60}},"352":{"start":{"line":822,"column":4},"end":{"line":822,"column":64}},"353":{"start":{"line":822,"column":25},"end":{"line":822,"column":64}},"354":{"start":{"line":824,"column":21},"end":{"line":824,"column":76}},"355":{"start":{"line":824,"column":36},"end":{"line":824,"column":65}},"356":{"start":{"line":825,"column":16},"end":{"line":825,"column":80}},"357":{"start":{"line":827,"column":21},"end":{"line":827,"column":37}},"358":{"start":{"line":828,"column":17},"end":{"line":828,"column":38}},"359":{"start":{"line":829,"column":17},"end":{"line":829,"column":42}},"360":{"start":{"line":830,"column":4},"end":{"line":830,"column":43}},"361":{"start":{"line":830,"column":31},"end":{"line":830,"column":43}},"362":{"start":{"line":831,"column":28},"end":{"line":831,"column":52}},"363":{"start":{"line":832,"column":4},"end":{"line":832,"column":29}},"364":{"start":{"line":834,"column":4},"end":{"line":834,"column":16}},"365":{"start":{"line":843,"column":14},"end":{"line":843,"column":22}},"366":{"start":{"line":844,"column":2},"end":{"line":844,"column":25}},"367":{"start":{"line":844,"column":12},"end":{"line":844,"column":25}},"368":{"start":{"line":845,"column":2},"end":{"line":853,"column":3}},"369":{"start":{"line":846,"column":73},"end":{"line":846,"column":79}},"370":{"start":{"line":847,"column":4},"end":{"line":847,"column":66}},"371":{"start":{"line":847,"column":35},"end":{"line":847,"column":66}},"372":{"start":{"line":848,"column":4},"end":{"line":848,"column":54}},"373":{"start":{"line":848,"column":31},"end":{"line":848,"column":54}},"374":{"start":{"line":849,"column":4},"end":{"line":849,"column":32}},"375":{"start":{"line":850,"column":4},"end":{"line":850,"column":16}},"376":{"start":{"line":852,"column":4},"end":{"line":852,"column":17}},"377":{"start":{"line":857,"column":14},"end":{"line":857,"column":22}},"378":{"start":{"line":858,"column":2},"end":{"line":858,"column":25}},"379":{"start":{"line":858,"column":12},"end":{"line":858,"column":25}},"380":{"start":{"line":859,"column":2},"end":{"line":864,"column":3}},"381":{"start":{"line":860,"column":4},"end":{"line":860,"column":34}},"382":{"start":{"line":861,"column":4},"end":{"line":861,"column":16}},"383":{"start":{"line":863,"column":4},"end":{"line":863,"column":17}}},"fnMap":{"0":{"name":"(anonymous_0)","decl":{"start":{"line":21,"column":19},"end":{"line":21,"column":20}},"loc":{"start":{"line":21,"column":70},"end":{"line":24,"column":3}},"line":21},"1":{"name":"normalizeServerUrl","decl":{"start":{"line":30,"column":9},"end":{"line":30,"column":27}},"loc":{"start":{"line":30,"column":49},"end":{"line":36,"column":1}},"line":30},"2":{"name":"login","decl":{"start":{"line":47,"column":22},"end":{"line":47,"column":27}},"loc":{"start":{"line":51,"column":24},"end":{"line":79,"column":1}},"line":51},"3":{"name":"getApi","decl":{"start":{"line":81,"column":16},"end":{"line":81,"column":22}},"loc":{"start":{"line":81,"column":45},"end":{"line":99,"column":1}},"line":81},"4":{"name":"clearApiCache","decl":{"start":{"line":101,"column":16},"end":{"line":101,"column":29}},"loc":{"start":{"line":101,"column":38},"end":{"line":107,"column":1}},"line":101},"5":{"name":"isVariousArtists","decl":{"start":{"line":126,"column":16},"end":{"line":126,"column":32}},"loc":{"start":{"line":126,"column":68},"end":{"line":128,"column":1}},"line":126},"6":{"name":"ensureCoverArtAuth","decl":{"start":{"line":130,"column":22},"end":{"line":130,"column":40}},"loc":{"start":{"line":130,"column":58},"end":{"line":147,"column":1}},"line":130},"7":{"name":"(anonymous_7)","decl":{"start":{"line":137,"column":9},"end":{"line":137,"column":10}},"loc":{"start":{"line":137,"column":16},"end":{"line":137,"column":47}},"line":137},"8":{"name":"stripCoverArtSuffix","decl":{"start":{"line":157,"column":16},"end":{"line":157,"column":35}},"loc":{"start":{"line":157,"column":64},"end":{"line":163,"column":1}},"line":157},"9":{"name":"getCoverArtUrl","decl":{"start":{"line":165,"column":16},"end":{"line":165,"column":30}},"loc":{"start":{"line":165,"column":81},"end":{"line":180,"column":1}},"line":165},"10":{"name":"getStreamUrl","decl":{"start":{"line":187,"column":16},"end":{"line":187,"column":28}},"loc":{"start":{"line":190,"column":17},"end":{"line":223,"column":1}},"line":190},"11":{"name":"getDownloadStreamUrl","decl":{"start":{"line":231,"column":16},"end":{"line":231,"column":36}},"loc":{"start":{"line":231,"column":69},"end":{"line":256,"column":1}},"line":231},"12":{"name":"getRecentlyAddedAlbums","decl":{"start":{"line":258,"column":22},"end":{"line":258,"column":44}},"loc":{"start":{"line":258,"column":81},"end":{"line":263,"column":1}},"line":258},"13":{"name":"getRecentlyPlayedAlbums","decl":{"start":{"line":265,"column":22},"end":{"line":265,"column":45}},"loc":{"start":{"line":265,"column":82},"end":{"line":270,"column":1}},"line":265},"14":{"name":"getFrequentlyPlayedAlbums","decl":{"start":{"line":272,"column":22},"end":{"line":272,"column":47}},"loc":{"start":{"line":272,"column":84},"end":{"line":277,"column":1}},"line":272},"15":{"name":"getRandomAlbums","decl":{"start":{"line":279,"column":22},"end":{"line":279,"column":37}},"loc":{"start":{"line":279,"column":74},"end":{"line":284,"column":1}},"line":279},"16":{"name":"getAlbum","decl":{"start":{"line":286,"column":22},"end":{"line":286,"column":30}},"loc":{"start":{"line":286,"column":83},"end":{"line":295,"column":1}},"line":286},"17":{"name":"searchAllAlbums","decl":{"start":{"line":301,"column":22},"end":{"line":301,"column":37}},"loc":{"start":{"line":301,"column":61},"end":{"line":311,"column":1}},"line":301},"18":{"name":"getAlbumListAlphabetical","decl":{"start":{"line":316,"column":22},"end":{"line":316,"column":46}},"loc":{"start":{"line":319,"column":23},"end":{"line":328,"column":1}},"line":319},"19":{"name":"getAllAlbumsAlphabetical","decl":{"start":{"line":334,"column":22},"end":{"line":334,"column":46}},"loc":{"start":{"line":334,"column":70},"end":{"line":346,"column":1}},"line":334},"20":{"name":"getAllArtists","decl":{"start":{"line":352,"column":22},"end":{"line":352,"column":35}},"loc":{"start":{"line":352,"column":60},"end":{"line":363,"column":1}},"line":352},"21":{"name":"(anonymous_21)","decl":{"start":{"line":357,"column":34},"end":{"line":357,"column":35}},"loc":{"start":{"line":357,"column":43},"end":{"line":357,"column":59}},"line":357},"22":{"name":"(anonymous_22)","decl":{"start":{"line":358,"column":21},"end":{"line":358,"column":22}},"loc":{"start":{"line":359,"column":4},"end":{"line":361,"column":9}},"line":359},"23":{"name":"getArtist","decl":{"start":{"line":368,"column":22},"end":{"line":368,"column":31}},"loc":{"start":{"line":368,"column":81},"end":{"line":373,"column":1}},"line":368},"24":{"name":"getArtistInfo2","decl":{"start":{"line":379,"column":22},"end":{"line":379,"column":36}},"loc":{"start":{"line":379,"column":78},"end":{"line":389,"column":1}},"line":379},"25":{"name":"getTopSongs","decl":{"start":{"line":395,"column":22},"end":{"line":395,"column":33}},"loc":{"start":{"line":395,"column":84},"end":{"line":405,"column":1}},"line":395},"26":{"name":"getSimilarSongs","decl":{"start":{"line":411,"column":22},"end":{"line":411,"column":37}},"loc":{"start":{"line":411,"column":84},"end":{"line":420,"column":1}},"line":411},"27":{"name":"getSimilarSongs2","decl":{"start":{"line":426,"column":22},"end":{"line":426,"column":38}},"loc":{"start":{"line":426,"column":87},"end":{"line":435,"column":1}},"line":426},"28":{"name":"getAllPlaylists","decl":{"start":{"line":440,"column":22},"end":{"line":440,"column":37}},"loc":{"start":{"line":440,"column":61},"end":{"line":445,"column":1}},"line":440},"29":{"name":"getPlaylist","decl":{"start":{"line":450,"column":22},"end":{"line":450,"column":33}},"loc":{"start":{"line":450,"column":81},"end":{"line":455,"column":1}},"line":450},"30":{"name":"deletePlaylist","decl":{"start":{"line":460,"column":22},"end":{"line":460,"column":36}},"loc":{"start":{"line":460,"column":67},"end":{"line":469,"column":1}},"line":460},"31":{"name":"updatePlaylistOrder","decl":{"start":{"line":476,"column":22},"end":{"line":476,"column":41}},"loc":{"start":{"line":480,"column":20},"end":{"line":489,"column":1}},"line":480},"32":{"name":"createNewPlaylist","decl":{"start":{"line":494,"column":22},"end":{"line":494,"column":39}},"loc":{"start":{"line":497,"column":20},"end":{"line":506,"column":1}},"line":497},"33":{"name":"addToPlaylist","decl":{"start":{"line":511,"column":22},"end":{"line":511,"column":35}},"loc":{"start":{"line":514,"column":20},"end":{"line":523,"column":1}},"line":514},"34":{"name":"removeFromPlaylist","decl":{"start":{"line":528,"column":22},"end":{"line":528,"column":40}},"loc":{"start":{"line":531,"column":20},"end":{"line":540,"column":1}},"line":531},"35":{"name":"fetchServerInfo","decl":{"start":{"line":542,"column":22},"end":{"line":542,"column":37}},"loc":{"start":{"line":542,"column":68},"end":{"line":586,"column":1}},"line":542},"36":{"name":"(anonymous_36)","decl":{"start":{"line":565,"column":62},"end":{"line":565,"column":63}},"loc":{"start":{"line":565,"column":70},"end":{"line":568,"column":11}},"line":565},"37":{"name":"getStarred2","decl":{"start":{"line":592,"column":22},"end":{"line":592,"column":33}},"loc":{"start":{"line":596,"column":3},"end":{"line":606,"column":1}},"line":596},"38":{"name":"search3","decl":{"start":{"line":612,"column":22},"end":{"line":612,"column":29}},"loc":{"start":{"line":616,"column":3},"end":{"line":631,"column":1}},"line":616},"39":{"name":"starAlbum","decl":{"start":{"line":640,"column":22},"end":{"line":640,"column":31}},"loc":{"start":{"line":640,"column":64},"end":{"line":644,"column":1}},"line":640},"40":{"name":"unstarAlbum","decl":{"start":{"line":649,"column":22},"end":{"line":649,"column":33}},"loc":{"start":{"line":649,"column":66},"end":{"line":653,"column":1}},"line":649},"41":{"name":"starArtist","decl":{"start":{"line":658,"column":22},"end":{"line":658,"column":32}},"loc":{"start":{"line":658,"column":66},"end":{"line":662,"column":1}},"line":658},"42":{"name":"unstarArtist","decl":{"start":{"line":667,"column":22},"end":{"line":667,"column":34}},"loc":{"start":{"line":667,"column":68},"end":{"line":671,"column":1}},"line":667},"43":{"name":"starSong","decl":{"start":{"line":676,"column":22},"end":{"line":676,"column":30}},"loc":{"start":{"line":676,"column":58},"end":{"line":680,"column":1}},"line":676},"44":{"name":"unstarSong","decl":{"start":{"line":685,"column":22},"end":{"line":685,"column":32}},"loc":{"start":{"line":685,"column":60},"end":{"line":689,"column":1}},"line":685},"45":{"name":"setRating","decl":{"start":{"line":695,"column":22},"end":{"line":695,"column":31}},"loc":{"start":{"line":695,"column":75},"end":{"line":699,"column":1}},"line":695},"46":{"name":"getScanStatus","decl":{"start":{"line":715,"column":22},"end":{"line":715,"column":35}},"loc":{"start":{"line":715,"column":72},"end":{"line":729,"column":1}},"line":715},"47":{"name":"startScan","decl":{"start":{"line":735,"column":22},"end":{"line":735,"column":31}},"loc":{"start":{"line":735,"column":86},"end":{"line":749,"column":1}},"line":735},"48":{"name":"getShares","decl":{"start":{"line":755,"column":22},"end":{"line":755,"column":31}},"loc":{"start":{"line":755,"column":59},"end":{"line":764,"column":1}},"line":755},"49":{"name":"createShare","decl":{"start":{"line":766,"column":22},"end":{"line":766,"column":33}},"loc":{"start":{"line":770,"column":25},"end":{"line":783,"column":1}},"line":770},"50":{"name":"createShareMultiple","decl":{"start":{"line":790,"column":22},"end":{"line":790,"column":41}},"loc":{"start":{"line":794,"column":25},"end":{"line":836,"column":1}},"line":794},"51":{"name":"(anonymous_51)","decl":{"start":{"line":805,"column":11},"end":{"line":805,"column":12}},"loc":{"start":{"line":805,"column":18},"end":{"line":805,"column":49}},"line":805},"52":{"name":"(anonymous_52)","decl":{"start":{"line":824,"column":29},"end":{"line":824,"column":30}},"loc":{"start":{"line":824,"column":36},"end":{"line":824,"column":65}},"line":824},"53":{"name":"updateShare","decl":{"start":{"line":838,"column":22},"end":{"line":838,"column":33}},"loc":{"start":{"line":842,"column":20},"end":{"line":854,"column":1}},"line":842},"54":{"name":"deleteShare","decl":{"start":{"line":856,"column":22},"end":{"line":856,"column":33}},"loc":{"start":{"line":856,"column":64},"end":{"line":865,"column":1}},"line":856}},"branchMap":{"0":{"loc":{"start":{"line":32,"column":2},"end":{"line":34,"column":3}},"type":"if","locations":[{"start":{"line":32,"column":2},"end":{"line":34,"column":3}},{"start":{},"end":{}}],"line":32},"1":{"loc":{"start":{"line":32,"column":6},"end":{"line":32,"column":65}},"type":"binary-expr","locations":[{"start":{"line":32,"column":6},"end":{"line":32,"column":33}},{"start":{"line":32,"column":37},"end":{"line":32,"column":65}}],"line":32},"2":{"loc":{"start":{"line":63,"column":4},"end":{"line":68,"column":5}},"type":"if","locations":[{"start":{"line":63,"column":4},"end":{"line":68,"column":5}},{"start":{},"end":{}}],"line":63},"3":{"loc":{"start":{"line":66,"column":8},"end":{"line":66,"column":99}},"type":"binary-expr","locations":[{"start":{"line":66,"column":8},"end":{"line":66,"column":20}},{"start":{"line":66,"column":25},"end":{"line":66,"column":98}}],"line":66},"4":{"loc":{"start":{"line":66,"column":25},"end":{"line":66,"column":98}},"type":"cond-expr","locations":[{"start":{"line":66,"column":44},"end":{"line":66,"column":72}},{"start":{"line":66,"column":75},"end":{"line":66,"column":98}}],"line":66},"5":{"loc":{"start":{"line":71,"column":6},"end":{"line":73,"column":26}},"type":"cond-expr","locations":[{"start":{"line":72,"column":10},"end":{"line":72,"column":32}},{"start":{"line":73,"column":10},"end":{"line":73,"column":26}}],"line":71},"6":{"loc":{"start":{"line":71,"column":6},"end":{"line":71,"column":58}},"type":"binary-expr","locations":[{"start":{"line":71,"column":6},"end":{"line":71,"column":27}},{"start":{"line":71,"column":31},"end":{"line":71,"column":58}}],"line":71},"7":{"loc":{"start":{"line":74,"column":37},"end":{"line":74,"column":64}},"type":"binary-expr","locations":[{"start":{"line":74,"column":37},"end":{"line":74,"column":44}},{"start":{"line":74,"column":48},"end":{"line":74,"column":64}}],"line":74},"8":{"loc":{"start":{"line":76,"column":20},"end":{"line":76,"column":76}},"type":"cond-expr","locations":[{"start":{"line":76,"column":43},"end":{"line":76,"column":54}},{"start":{"line":76,"column":57},"end":{"line":76,"column":76}}],"line":76},"9":{"loc":{"start":{"line":82,"column":2},"end":{"line":82,"column":59}},"type":"if","locations":[{"start":{"line":82,"column":2},"end":{"line":82,"column":59}},{"start":{},"end":{}}],"line":82},"10":{"loc":{"start":{"line":84,"column":2},"end":{"line":86,"column":3}},"type":"if","locations":[{"start":{"line":84,"column":2},"end":{"line":86,"column":3}},{"start":{},"end":{}}],"line":84},"11":{"loc":{"start":{"line":84,"column":6},"end":{"line":84,"column":57}},"type":"binary-expr","locations":[{"start":{"line":84,"column":6},"end":{"line":84,"column":17}},{"start":{"line":84,"column":21},"end":{"line":84,"column":31}},{"start":{"line":84,"column":35},"end":{"line":84,"column":44}},{"start":{"line":84,"column":48},"end":{"line":84,"column":57}}],"line":84},"12":{"loc":{"start":{"line":88,"column":2},"end":{"line":90,"column":3}},"type":"if","locations":[{"start":{"line":88,"column":2},"end":{"line":90,"column":3}},{"start":{},"end":{}}],"line":88},"13":{"loc":{"start":{"line":88,"column":6},"end":{"line":88,"column":36}},"type":"binary-expr","locations":[{"start":{"line":88,"column":6},"end":{"line":88,"column":23}},{"start":{"line":88,"column":27},"end":{"line":88,"column":36}}],"line":88},"14":{"loc":{"start":{"line":132,"column":2},"end":{"line":132,"column":66}},"type":"if","locations":[{"start":{"line":132,"column":2},"end":{"line":132,"column":66}},{"start":{},"end":{}}],"line":132},"15":{"loc":{"start":{"line":132,"column":6},"end":{"line":132,"column":57}},"type":"binary-expr","locations":[{"start":{"line":132,"column":6},"end":{"line":132,"column":17}},{"start":{"line":132,"column":21},"end":{"line":132,"column":31}},{"start":{"line":132,"column":35},"end":{"line":132,"column":44}},{"start":{"line":132,"column":48},"end":{"line":132,"column":57}}],"line":132},"16":{"loc":{"start":{"line":134,"column":2},"end":{"line":134,"column":85}},"type":"if","locations":[{"start":{"line":134,"column":2},"end":{"line":134,"column":85}},{"start":{},"end":{}}],"line":134},"17":{"loc":{"start":{"line":134,"column":6},"end":{"line":134,"column":76}},"type":"binary-expr","locations":[{"start":{"line":134,"column":6},"end":{"line":134,"column":31}},{"start":{"line":134,"column":35},"end":{"line":134,"column":53}},{"start":{"line":134,"column":57},"end":{"line":134,"column":76}}],"line":134},"18":{"loc":{"start":{"line":159,"column":2},"end":{"line":159,"column":32}},"type":"if","locations":[{"start":{"line":159,"column":2},"end":{"line":159,"column":32}},{"start":{},"end":{}}],"line":159},"19":{"loc":{"start":{"line":161,"column":2},"end":{"line":161,"column":53}},"type":"if","locations":[{"start":{"line":161,"column":2},"end":{"line":161,"column":53}},{"start":{},"end":{}}],"line":161},"20":{"loc":{"start":{"line":167,"column":2},"end":{"line":167,"column":73}},"type":"if","locations":[{"start":{"line":167,"column":2},"end":{"line":167,"column":73}},{"start":{},"end":{}}],"line":167},"21":{"loc":{"start":{"line":167,"column":6},"end":{"line":167,"column":59}},"type":"binary-expr","locations":[{"start":{"line":167,"column":6},"end":{"line":167,"column":17}},{"start":{"line":167,"column":21},"end":{"line":167,"column":32}},{"start":{"line":167,"column":36},"end":{"line":167,"column":46}},{"start":{"line":167,"column":50},"end":{"line":167,"column":59}}],"line":167},"22":{"loc":{"start":{"line":168,"column":2},"end":{"line":168,"column":93}},"type":"if","locations":[{"start":{"line":168,"column":2},"end":{"line":168,"column":93}},{"start":{},"end":{}}],"line":168},"23":{"loc":{"start":{"line":168,"column":6},"end":{"line":168,"column":79}},"type":"binary-expr","locations":[{"start":{"line":168,"column":6},"end":{"line":168,"column":32}},{"start":{"line":168,"column":36},"end":{"line":168,"column":55}},{"start":{"line":168,"column":59},"end":{"line":168,"column":79}}],"line":168},"24":{"loc":{"start":{"line":178,"column":2},"end":{"line":178,"column":65}},"type":"if","locations":[{"start":{"line":178,"column":2},"end":{"line":178,"column":65}},{"start":{},"end":{}}],"line":178},"25":{"loc":{"start":{"line":178,"column":6},"end":{"line":178,"column":30}},"type":"binary-expr","locations":[{"start":{"line":178,"column":6},"end":{"line":178,"column":18}},{"start":{"line":178,"column":22},"end":{"line":178,"column":30}}],"line":178},"26":{"loc":{"start":{"line":192,"column":2},"end":{"line":192,"column":70}},"type":"if","locations":[{"start":{"line":192,"column":2},"end":{"line":192,"column":70}},{"start":{},"end":{}}],"line":192},"27":{"loc":{"start":{"line":192,"column":6},"end":{"line":192,"column":56}},"type":"binary-expr","locations":[{"start":{"line":192,"column":6},"end":{"line":192,"column":14}},{"start":{"line":192,"column":18},"end":{"line":192,"column":29}},{"start":{"line":192,"column":33},"end":{"line":192,"column":43}},{"start":{"line":192,"column":47},"end":{"line":192,"column":56}}],"line":192},"28":{"loc":{"start":{"line":193,"column":2},"end":{"line":193,"column":93}},"type":"if","locations":[{"start":{"line":193,"column":2},"end":{"line":193,"column":93}},{"start":{},"end":{}}],"line":193},"29":{"loc":{"start":{"line":193,"column":6},"end":{"line":193,"column":79}},"type":"binary-expr","locations":[{"start":{"line":193,"column":6},"end":{"line":193,"column":32}},{"start":{"line":193,"column":36},"end":{"line":193,"column":55}},{"start":{"line":193,"column":59},"end":{"line":193,"column":79}}],"line":193},"30":{"loc":{"start":{"line":207,"column":2},"end":{"line":209,"column":3}},"type":"if","locations":[{"start":{"line":207,"column":2},"end":{"line":209,"column":3}},{"start":{},"end":{}}],"line":207},"31":{"loc":{"start":{"line":210,"column":2},"end":{"line":212,"column":3}},"type":"if","locations":[{"start":{"line":210,"column":2},"end":{"line":212,"column":3}},{"start":{},"end":{}}],"line":210},"32":{"loc":{"start":{"line":213,"column":2},"end":{"line":215,"column":3}},"type":"if","locations":[{"start":{"line":213,"column":2},"end":{"line":215,"column":3}},{"start":{},"end":{}}],"line":213},"33":{"loc":{"start":{"line":218,"column":2},"end":{"line":220,"column":3}},"type":"if","locations":[{"start":{"line":218,"column":2},"end":{"line":220,"column":3}},{"start":{},"end":{}}],"line":218},"34":{"loc":{"start":{"line":218,"column":6},"end":{"line":218,"column":42}},"type":"binary-expr","locations":[{"start":{"line":218,"column":6},"end":{"line":218,"column":24}},{"start":{"line":218,"column":28},"end":{"line":218,"column":42}}],"line":218},"35":{"loc":{"start":{"line":233,"column":2},"end":{"line":233,"column":70}},"type":"if","locations":[{"start":{"line":233,"column":2},"end":{"line":233,"column":70}},{"start":{},"end":{}}],"line":233},"36":{"loc":{"start":{"line":233,"column":6},"end":{"line":233,"column":56}},"type":"binary-expr","locations":[{"start":{"line":233,"column":6},"end":{"line":233,"column":14}},{"start":{"line":233,"column":18},"end":{"line":233,"column":29}},{"start":{"line":233,"column":33},"end":{"line":233,"column":43}},{"start":{"line":233,"column":47},"end":{"line":233,"column":56}}],"line":233},"37":{"loc":{"start":{"line":234,"column":2},"end":{"line":234,"column":93}},"type":"if","locations":[{"start":{"line":234,"column":2},"end":{"line":234,"column":93}},{"start":{},"end":{}}],"line":234},"38":{"loc":{"start":{"line":234,"column":6},"end":{"line":234,"column":79}},"type":"binary-expr","locations":[{"start":{"line":234,"column":6},"end":{"line":234,"column":32}},{"start":{"line":234,"column":36},"end":{"line":234,"column":55}},{"start":{"line":234,"column":59},"end":{"line":234,"column":79}}],"line":234},"39":{"loc":{"start":{"line":248,"column":2},"end":{"line":250,"column":3}},"type":"if","locations":[{"start":{"line":248,"column":2},"end":{"line":250,"column":3}},{"start":{},"end":{}}],"line":248},"40":{"loc":{"start":{"line":251,"column":2},"end":{"line":253,"column":3}},"type":"if","locations":[{"start":{"line":251,"column":2},"end":{"line":253,"column":3}},{"start":{},"end":{}}],"line":251},"41":{"loc":{"start":{"line":260,"column":2},"end":{"line":260,"column":22}},"type":"if","locations":[{"start":{"line":260,"column":2},"end":{"line":260,"column":22}},{"start":{},"end":{}}],"line":260},"42":{"loc":{"start":{"line":261,"column":67},"end":{"line":261,"column":77}},"type":"binary-expr","locations":[{"start":{"line":261,"column":67},"end":{"line":261,"column":71}},{"start":{"line":261,"column":75},"end":{"line":261,"column":77}}],"line":261},"43":{"loc":{"start":{"line":262,"column":9},"end":{"line":262,"column":41}},"type":"binary-expr","locations":[{"start":{"line":262,"column":9},"end":{"line":262,"column":35}},{"start":{"line":262,"column":39},"end":{"line":262,"column":41}}],"line":262},"44":{"loc":{"start":{"line":267,"column":2},"end":{"line":267,"column":22}},"type":"if","locations":[{"start":{"line":267,"column":2},"end":{"line":267,"column":22}},{"start":{},"end":{}}],"line":267},"45":{"loc":{"start":{"line":268,"column":67},"end":{"line":268,"column":77}},"type":"binary-expr","locations":[{"start":{"line":268,"column":67},"end":{"line":268,"column":71}},{"start":{"line":268,"column":75},"end":{"line":268,"column":77}}],"line":268},"46":{"loc":{"start":{"line":269,"column":9},"end":{"line":269,"column":41}},"type":"binary-expr","locations":[{"start":{"line":269,"column":9},"end":{"line":269,"column":35}},{"start":{"line":269,"column":39},"end":{"line":269,"column":41}}],"line":269},"47":{"loc":{"start":{"line":274,"column":2},"end":{"line":274,"column":22}},"type":"if","locations":[{"start":{"line":274,"column":2},"end":{"line":274,"column":22}},{"start":{},"end":{}}],"line":274},"48":{"loc":{"start":{"line":275,"column":69},"end":{"line":275,"column":79}},"type":"binary-expr","locations":[{"start":{"line":275,"column":69},"end":{"line":275,"column":73}},{"start":{"line":275,"column":77},"end":{"line":275,"column":79}}],"line":275},"49":{"loc":{"start":{"line":276,"column":9},"end":{"line":276,"column":41}},"type":"binary-expr","locations":[{"start":{"line":276,"column":9},"end":{"line":276,"column":35}},{"start":{"line":276,"column":39},"end":{"line":276,"column":41}}],"line":276},"50":{"loc":{"start":{"line":281,"column":2},"end":{"line":281,"column":22}},"type":"if","locations":[{"start":{"line":281,"column":2},"end":{"line":281,"column":22}},{"start":{},"end":{}}],"line":281},"51":{"loc":{"start":{"line":282,"column":67},"end":{"line":282,"column":77}},"type":"binary-expr","locations":[{"start":{"line":282,"column":67},"end":{"line":282,"column":71}},{"start":{"line":282,"column":75},"end":{"line":282,"column":77}}],"line":282},"52":{"loc":{"start":{"line":283,"column":9},"end":{"line":283,"column":41}},"type":"binary-expr","locations":[{"start":{"line":283,"column":9},"end":{"line":283,"column":35}},{"start":{"line":283,"column":39},"end":{"line":283,"column":41}}],"line":283},"53":{"loc":{"start":{"line":288,"column":2},"end":{"line":288,"column":24}},"type":"if","locations":[{"start":{"line":288,"column":2},"end":{"line":288,"column":24}},{"start":{},"end":{}}],"line":288},"54":{"loc":{"start":{"line":291,"column":11},"end":{"line":291,"column":33}},"type":"binary-expr","locations":[{"start":{"line":291,"column":11},"end":{"line":291,"column":25}},{"start":{"line":291,"column":29},"end":{"line":291,"column":33}}],"line":291},"55":{"loc":{"start":{"line":303,"column":2},"end":{"line":303,"column":22}},"type":"if","locations":[{"start":{"line":303,"column":2},"end":{"line":303,"column":22}},{"start":{},"end":{}}],"line":303},"56":{"loc":{"start":{"line":310,"column":9},"end":{"line":310,"column":44}},"type":"binary-expr","locations":[{"start":{"line":310,"column":9},"end":{"line":310,"column":38}},{"start":{"line":310,"column":42},"end":{"line":310,"column":44}}],"line":310},"57":{"loc":{"start":{"line":321,"column":2},"end":{"line":321,"column":22}},"type":"if","locations":[{"start":{"line":321,"column":2},"end":{"line":321,"column":22}},{"start":{},"end":{}}],"line":321},"58":{"loc":{"start":{"line":327,"column":9},"end":{"line":327,"column":41}},"type":"binary-expr","locations":[{"start":{"line":327,"column":9},"end":{"line":327,"column":35}},{"start":{"line":327,"column":39},"end":{"line":327,"column":41}}],"line":327},"59":{"loc":{"start":{"line":342,"column":4},"end":{"line":342,"column":40}},"type":"if","locations":[{"start":{"line":342,"column":4},"end":{"line":342,"column":40}},{"start":{},"end":{}}],"line":342},"60":{"loc":{"start":{"line":354,"column":2},"end":{"line":354,"column":22}},"type":"if","locations":[{"start":{"line":354,"column":2},"end":{"line":354,"column":22}},{"start":{},"end":{}}],"line":354},"61":{"loc":{"start":{"line":356,"column":18},"end":{"line":356,"column":47}},"type":"binary-expr","locations":[{"start":{"line":356,"column":18},"end":{"line":356,"column":41}},{"start":{"line":356,"column":45},"end":{"line":356,"column":47}}],"line":356},"62":{"loc":{"start":{"line":357,"column":43},"end":{"line":357,"column":59}},"type":"binary-expr","locations":[{"start":{"line":357,"column":43},"end":{"line":357,"column":53}},{"start":{"line":357,"column":57},"end":{"line":357,"column":59}}],"line":357},"63":{"loc":{"start":{"line":359,"column":4},"end":{"line":361,"column":9}},"type":"cond-expr","locations":[{"start":{"line":360,"column":8},"end":{"line":360,"column":84}},{"start":{"line":361,"column":8},"end":{"line":361,"column":9}}],"line":359},"64":{"loc":{"start":{"line":370,"column":2},"end":{"line":370,"column":24}},"type":"if","locations":[{"start":{"line":370,"column":2},"end":{"line":370,"column":24}},{"start":{},"end":{}}],"line":370},"65":{"loc":{"start":{"line":372,"column":9},"end":{"line":372,"column":32}},"type":"binary-expr","locations":[{"start":{"line":372,"column":9},"end":{"line":372,"column":24}},{"start":{"line":372,"column":28},"end":{"line":372,"column":32}}],"line":372},"66":{"loc":{"start":{"line":381,"column":2},"end":{"line":381,"column":24}},"type":"if","locations":[{"start":{"line":381,"column":2},"end":{"line":381,"column":24}},{"start":{},"end":{}}],"line":381},"67":{"loc":{"start":{"line":384,"column":11},"end":{"line":384,"column":39}},"type":"binary-expr","locations":[{"start":{"line":384,"column":11},"end":{"line":384,"column":31}},{"start":{"line":384,"column":35},"end":{"line":384,"column":39}}],"line":384},"68":{"loc":{"start":{"line":395,"column":54},"end":{"line":395,"column":64}},"type":"default-arg","locations":[{"start":{"line":395,"column":62},"end":{"line":395,"column":64}}],"line":395},"69":{"loc":{"start":{"line":396,"column":2},"end":{"line":396,"column":46}},"type":"if","locations":[{"start":{"line":396,"column":2},"end":{"line":396,"column":46}},{"start":{},"end":{}}],"line":396},"70":{"loc":{"start":{"line":398,"column":2},"end":{"line":398,"column":22}},"type":"if","locations":[{"start":{"line":398,"column":2},"end":{"line":398,"column":22}},{"start":{},"end":{}}],"line":398},"71":{"loc":{"start":{"line":401,"column":11},"end":{"line":401,"column":40}},"type":"binary-expr","locations":[{"start":{"line":401,"column":11},"end":{"line":401,"column":34}},{"start":{"line":401,"column":38},"end":{"line":401,"column":40}}],"line":401},"72":{"loc":{"start":{"line":411,"column":54},"end":{"line":411,"column":64}},"type":"default-arg","locations":[{"start":{"line":411,"column":62},"end":{"line":411,"column":64}}],"line":411},"73":{"loc":{"start":{"line":413,"column":2},"end":{"line":413,"column":22}},"type":"if","locations":[{"start":{"line":413,"column":2},"end":{"line":413,"column":22}},{"start":{},"end":{}}],"line":413},"74":{"loc":{"start":{"line":416,"column":11},"end":{"line":416,"column":44}},"type":"binary-expr","locations":[{"start":{"line":416,"column":11},"end":{"line":416,"column":38}},{"start":{"line":416,"column":42},"end":{"line":416,"column":44}}],"line":416},"75":{"loc":{"start":{"line":426,"column":57},"end":{"line":426,"column":67}},"type":"default-arg","locations":[{"start":{"line":426,"column":65},"end":{"line":426,"column":67}}],"line":426},"76":{"loc":{"start":{"line":428,"column":2},"end":{"line":428,"column":22}},"type":"if","locations":[{"start":{"line":428,"column":2},"end":{"line":428,"column":22}},{"start":{},"end":{}}],"line":428},"77":{"loc":{"start":{"line":431,"column":11},"end":{"line":431,"column":45}},"type":"binary-expr","locations":[{"start":{"line":431,"column":11},"end":{"line":431,"column":39}},{"start":{"line":431,"column":43},"end":{"line":431,"column":45}}],"line":431},"78":{"loc":{"start":{"line":442,"column":2},"end":{"line":442,"column":22}},"type":"if","locations":[{"start":{"line":442,"column":2},"end":{"line":442,"column":22}},{"start":{},"end":{}}],"line":442},"79":{"loc":{"start":{"line":444,"column":9},"end":{"line":444,"column":43}},"type":"binary-expr","locations":[{"start":{"line":444,"column":9},"end":{"line":444,"column":37}},{"start":{"line":444,"column":41},"end":{"line":444,"column":43}}],"line":444},"80":{"loc":{"start":{"line":452,"column":2},"end":{"line":452,"column":24}},"type":"if","locations":[{"start":{"line":452,"column":2},"end":{"line":452,"column":24}},{"start":{},"end":{}}],"line":452},"81":{"loc":{"start":{"line":454,"column":9},"end":{"line":454,"column":34}},"type":"binary-expr","locations":[{"start":{"line":454,"column":9},"end":{"line":454,"column":26}},{"start":{"line":454,"column":30},"end":{"line":454,"column":34}}],"line":454},"82":{"loc":{"start":{"line":462,"column":2},"end":{"line":462,"column":25}},"type":"if","locations":[{"start":{"line":462,"column":2},"end":{"line":462,"column":25}},{"start":{},"end":{}}],"line":462},"83":{"loc":{"start":{"line":482,"column":2},"end":{"line":482,"column":25}},"type":"if","locations":[{"start":{"line":482,"column":2},"end":{"line":482,"column":25}},{"start":{},"end":{}}],"line":482},"84":{"loc":{"start":{"line":499,"column":2},"end":{"line":499,"column":25}},"type":"if","locations":[{"start":{"line":499,"column":2},"end":{"line":499,"column":25}},{"start":{},"end":{}}],"line":499},"85":{"loc":{"start":{"line":516,"column":2},"end":{"line":516,"column":25}},"type":"if","locations":[{"start":{"line":516,"column":2},"end":{"line":516,"column":25}},{"start":{},"end":{}}],"line":516},"86":{"loc":{"start":{"line":533,"column":2},"end":{"line":533,"column":25}},"type":"if","locations":[{"start":{"line":533,"column":2},"end":{"line":533,"column":25}},{"start":{},"end":{}}],"line":533},"87":{"loc":{"start":{"line":544,"column":2},"end":{"line":544,"column":24}},"type":"if","locations":[{"start":{"line":544,"column":2},"end":{"line":544,"column":24}},{"start":{},"end":{}}],"line":544},"88":{"loc":{"start":{"line":548,"column":4},"end":{"line":548,"column":50}},"type":"if","locations":[{"start":{"line":548,"column":4},"end":{"line":548,"column":50}},{"start":{},"end":{}}],"line":548},"89":{"loc":{"start":{"line":550,"column":23},"end":{"line":550,"column":51}},"type":"binary-expr","locations":[{"start":{"line":550,"column":23},"end":{"line":550,"column":43}},{"start":{"line":550,"column":47},"end":{"line":550,"column":51}}],"line":550},"90":{"loc":{"start":{"line":552,"column":6},"end":{"line":552,"column":66}},"type":"binary-expr","locations":[{"start":{"line":552,"column":6},"end":{"line":552,"column":31}},{"start":{"line":552,"column":35},"end":{"line":552,"column":66}}],"line":552},"91":{"loc":{"start":{"line":554,"column":23},"end":{"line":554,"column":88}},"type":"cond-expr","locations":[{"start":{"line":554,"column":64},"end":{"line":554,"column":81}},{"start":{"line":554,"column":84},"end":{"line":554,"column":88}}],"line":554},"92":{"loc":{"start":{"line":554,"column":23},"end":{"line":554,"column":61}},"type":"binary-expr","locations":[{"start":{"line":554,"column":23},"end":{"line":554,"column":35}},{"start":{"line":554,"column":39},"end":{"line":554,"column":61}}],"line":554},"93":{"loc":{"start":{"line":556,"column":6},"end":{"line":558,"column":14}},"type":"cond-expr","locations":[{"start":{"line":557,"column":10},"end":{"line":557,"column":36}},{"start":{"line":558,"column":10},"end":{"line":558,"column":14}}],"line":556},"94":{"loc":{"start":{"line":556,"column":6},"end":{"line":556,"column":53}},"type":"binary-expr","locations":[{"start":{"line":556,"column":6},"end":{"line":556,"column":18}},{"start":{"line":556,"column":22},"end":{"line":556,"column":53}}],"line":556},"95":{"loc":{"start":{"line":561,"column":4},"end":{"line":573,"column":5}},"type":"if","locations":[{"start":{"line":561,"column":4},"end":{"line":573,"column":5}},{"start":{},"end":{}}],"line":561},"96":{"loc":{"start":{"line":564,"column":8},"end":{"line":569,"column":9}},"type":"if","locations":[{"start":{"line":564,"column":8},"end":{"line":569,"column":9}},{"start":{},"end":{}}],"line":564},"97":{"loc":{"start":{"line":564,"column":12},"end":{"line":564,"column":77}},"type":"binary-expr","locations":[{"start":{"line":564,"column":12},"end":{"line":564,"column":39}},{"start":{"line":564,"column":43},"end":{"line":564,"column":77}}],"line":564},"98":{"loc":{"start":{"line":567,"column":22},"end":{"line":567,"column":38}},"type":"binary-expr","locations":[{"start":{"line":567,"column":22},"end":{"line":567,"column":32}},{"start":{"line":567,"column":36},"end":{"line":567,"column":38}}],"line":567},"99":{"loc":{"start":{"line":598,"column":2},"end":{"line":598,"column":58}},"type":"if","locations":[{"start":{"line":598,"column":2},"end":{"line":598,"column":58}},{"start":{},"end":{}}],"line":598},"100":{"loc":{"start":{"line":602,"column":12},"end":{"line":602,"column":32}},"type":"binary-expr","locations":[{"start":{"line":602,"column":12},"end":{"line":602,"column":26}},{"start":{"line":602,"column":30},"end":{"line":602,"column":32}}],"line":602},"101":{"loc":{"start":{"line":603,"column":13},"end":{"line":603,"column":34}},"type":"binary-expr","locations":[{"start":{"line":603,"column":13},"end":{"line":603,"column":28}},{"start":{"line":603,"column":32},"end":{"line":603,"column":34}}],"line":603},"102":{"loc":{"start":{"line":604,"column":11},"end":{"line":604,"column":30}},"type":"binary-expr","locations":[{"start":{"line":604,"column":11},"end":{"line":604,"column":24}},{"start":{"line":604,"column":28},"end":{"line":604,"column":30}}],"line":604},"103":{"loc":{"start":{"line":618,"column":2},"end":{"line":618,"column":75}},"type":"if","locations":[{"start":{"line":618,"column":2},"end":{"line":618,"column":75}},{"start":{},"end":{}}],"line":618},"104":{"loc":{"start":{"line":618,"column":6},"end":{"line":618,"column":27}},"type":"binary-expr","locations":[{"start":{"line":618,"column":6},"end":{"line":618,"column":10}},{"start":{"line":618,"column":14},"end":{"line":618,"column":27}}],"line":618},"105":{"loc":{"start":{"line":627,"column":12},"end":{"line":627,"column":26}},"type":"binary-expr","locations":[{"start":{"line":627,"column":12},"end":{"line":627,"column":20}},{"start":{"line":627,"column":24},"end":{"line":627,"column":26}}],"line":627},"106":{"loc":{"start":{"line":628,"column":13},"end":{"line":628,"column":28}},"type":"binary-expr","locations":[{"start":{"line":628,"column":13},"end":{"line":628,"column":22}},{"start":{"line":628,"column":26},"end":{"line":628,"column":28}}],"line":628},"107":{"loc":{"start":{"line":629,"column":11},"end":{"line":629,"column":24}},"type":"binary-expr","locations":[{"start":{"line":629,"column":11},"end":{"line":629,"column":18}},{"start":{"line":629,"column":22},"end":{"line":629,"column":24}}],"line":629},"108":{"loc":{"start":{"line":642,"column":2},"end":{"line":642,"column":19}},"type":"if","locations":[{"start":{"line":642,"column":2},"end":{"line":642,"column":19}},{"start":{},"end":{}}],"line":642},"109":{"loc":{"start":{"line":651,"column":2},"end":{"line":651,"column":19}},"type":"if","locations":[{"start":{"line":651,"column":2},"end":{"line":651,"column":19}},{"start":{},"end":{}}],"line":651},"110":{"loc":{"start":{"line":660,"column":2},"end":{"line":660,"column":19}},"type":"if","locations":[{"start":{"line":660,"column":2},"end":{"line":660,"column":19}},{"start":{},"end":{}}],"line":660},"111":{"loc":{"start":{"line":669,"column":2},"end":{"line":669,"column":19}},"type":"if","locations":[{"start":{"line":669,"column":2},"end":{"line":669,"column":19}},{"start":{},"end":{}}],"line":669},"112":{"loc":{"start":{"line":678,"column":2},"end":{"line":678,"column":19}},"type":"if","locations":[{"start":{"line":678,"column":2},"end":{"line":678,"column":19}},{"start":{},"end":{}}],"line":678},"113":{"loc":{"start":{"line":687,"column":2},"end":{"line":687,"column":19}},"type":"if","locations":[{"start":{"line":687,"column":2},"end":{"line":687,"column":19}},{"start":{},"end":{}}],"line":687},"114":{"loc":{"start":{"line":697,"column":2},"end":{"line":697,"column":19}},"type":"if","locations":[{"start":{"line":697,"column":2},"end":{"line":697,"column":19}},{"start":{},"end":{}}],"line":697},"115":{"loc":{"start":{"line":717,"column":2},"end":{"line":717,"column":24}},"type":"if","locations":[{"start":{"line":717,"column":2},"end":{"line":717,"column":24}},{"start":{},"end":{}}],"line":717},"116":{"loc":{"start":{"line":722,"column":13},"end":{"line":722,"column":43}},"type":"binary-expr","locations":[{"start":{"line":722,"column":13},"end":{"line":722,"column":38}},{"start":{"line":722,"column":42},"end":{"line":722,"column":43}}],"line":722},"117":{"loc":{"start":{"line":723,"column":16},"end":{"line":723,"column":41}},"type":"binary-expr","locations":[{"start":{"line":723,"column":16},"end":{"line":723,"column":33}},{"start":{"line":723,"column":37},"end":{"line":723,"column":41}}],"line":723},"118":{"loc":{"start":{"line":724,"column":19},"end":{"line":724,"column":47}},"type":"binary-expr","locations":[{"start":{"line":724,"column":19},"end":{"line":724,"column":39}},{"start":{"line":724,"column":43},"end":{"line":724,"column":47}}],"line":724},"119":{"loc":{"start":{"line":737,"column":2},"end":{"line":737,"column":24}},"type":"if","locations":[{"start":{"line":737,"column":2},"end":{"line":737,"column":24}},{"start":{},"end":{}}],"line":737},"120":{"loc":{"start":{"line":739,"column":41},"end":{"line":739,"column":84}},"type":"cond-expr","locations":[{"start":{"line":739,"column":60},"end":{"line":739,"column":72}},{"start":{"line":739,"column":75},"end":{"line":739,"column":84}}],"line":739},"121":{"loc":{"start":{"line":742,"column":13},"end":{"line":742,"column":43}},"type":"binary-expr","locations":[{"start":{"line":742,"column":13},"end":{"line":742,"column":38}},{"start":{"line":742,"column":42},"end":{"line":742,"column":43}}],"line":742},"122":{"loc":{"start":{"line":757,"column":2},"end":{"line":757,"column":24}},"type":"if","locations":[{"start":{"line":757,"column":2},"end":{"line":757,"column":24}},{"start":{},"end":{}}],"line":757},"123":{"loc":{"start":{"line":760,"column":11},"end":{"line":760,"column":39}},"type":"binary-expr","locations":[{"start":{"line":760,"column":11},"end":{"line":760,"column":33}},{"start":{"line":760,"column":37},"end":{"line":760,"column":39}}],"line":760},"124":{"loc":{"start":{"line":772,"column":2},"end":{"line":772,"column":24}},"type":"if","locations":[{"start":{"line":772,"column":2},"end":{"line":772,"column":24}},{"start":{},"end":{}}],"line":772},"125":{"loc":{"start":{"line":775,"column":4},"end":{"line":775,"column":52}},"type":"if","locations":[{"start":{"line":775,"column":4},"end":{"line":775,"column":52}},{"start":{},"end":{}}],"line":775},"126":{"loc":{"start":{"line":776,"column":4},"end":{"line":776,"column":48}},"type":"if","locations":[{"start":{"line":776,"column":4},"end":{"line":776,"column":48}},{"start":{},"end":{}}],"line":776},"127":{"loc":{"start":{"line":778,"column":19},"end":{"line":778,"column":47}},"type":"binary-expr","locations":[{"start":{"line":778,"column":19},"end":{"line":778,"column":41}},{"start":{"line":778,"column":45},"end":{"line":778,"column":47}}],"line":778},"128":{"loc":{"start":{"line":779,"column":11},"end":{"line":779,"column":28}},"type":"binary-expr","locations":[{"start":{"line":779,"column":11},"end":{"line":779,"column":20}},{"start":{"line":779,"column":24},"end":{"line":779,"column":28}}],"line":779},"129":{"loc":{"start":{"line":795,"column":2},"end":{"line":795,"column":36}},"type":"if","locations":[{"start":{"line":795,"column":2},"end":{"line":795,"column":36}},{"start":{},"end":{}}],"line":795},"130":{"loc":{"start":{"line":796,"column":2},"end":{"line":796,"column":73}},"type":"if","locations":[{"start":{"line":796,"column":2},"end":{"line":796,"column":73}},{"start":{},"end":{}}],"line":796},"131":{"loc":{"start":{"line":799,"column":2},"end":{"line":799,"column":71}},"type":"if","locations":[{"start":{"line":799,"column":2},"end":{"line":799,"column":71}},{"start":{},"end":{}}],"line":799},"132":{"loc":{"start":{"line":799,"column":6},"end":{"line":799,"column":57}},"type":"binary-expr","locations":[{"start":{"line":799,"column":6},"end":{"line":799,"column":17}},{"start":{"line":799,"column":21},"end":{"line":799,"column":31}},{"start":{"line":799,"column":35},"end":{"line":799,"column":44}},{"start":{"line":799,"column":48},"end":{"line":799,"column":57}}],"line":799},"133":{"loc":{"start":{"line":821,"column":4},"end":{"line":821,"column":60}},"type":"if","locations":[{"start":{"line":821,"column":4},"end":{"line":821,"column":60}},{"start":{},"end":{}}],"line":821},"134":{"loc":{"start":{"line":822,"column":4},"end":{"line":822,"column":64}},"type":"if","locations":[{"start":{"line":822,"column":4},"end":{"line":822,"column":64}},{"start":{},"end":{}}],"line":822},"135":{"loc":{"start":{"line":830,"column":4},"end":{"line":830,"column":43}},"type":"if","locations":[{"start":{"line":830,"column":4},"end":{"line":830,"column":43}},{"start":{},"end":{}}],"line":830},"136":{"loc":{"start":{"line":831,"column":28},"end":{"line":831,"column":52}},"type":"binary-expr","locations":[{"start":{"line":831,"column":28},"end":{"line":831,"column":46}},{"start":{"line":831,"column":50},"end":{"line":831,"column":52}}],"line":831},"137":{"loc":{"start":{"line":832,"column":11},"end":{"line":832,"column":28}},"type":"binary-expr","locations":[{"start":{"line":832,"column":11},"end":{"line":832,"column":20}},{"start":{"line":832,"column":24},"end":{"line":832,"column":28}}],"line":832},"138":{"loc":{"start":{"line":844,"column":2},"end":{"line":844,"column":25}},"type":"if","locations":[{"start":{"line":844,"column":2},"end":{"line":844,"column":25}},{"start":{},"end":{}}],"line":844},"139":{"loc":{"start":{"line":847,"column":4},"end":{"line":847,"column":66}},"type":"if","locations":[{"start":{"line":847,"column":4},"end":{"line":847,"column":66}},{"start":{},"end":{}}],"line":847},"140":{"loc":{"start":{"line":848,"column":4},"end":{"line":848,"column":54}},"type":"if","locations":[{"start":{"line":848,"column":4},"end":{"line":848,"column":54}},{"start":{},"end":{}}],"line":848},"141":{"loc":{"start":{"line":858,"column":2},"end":{"line":858,"column":25}},"type":"if","locations":[{"start":{"line":858,"column":2},"end":{"line":858,"column":25}},{"start":{},"end":{}}],"line":858}},"s":{"0":2,"1":0,"2":0,"3":2,"4":134,"5":134,"6":6,"7":134,"8":2,"9":2,"10":2,"11":2,"12":2,"13":22,"14":22,"15":22,"16":22,"17":18,"18":6,"19":6,"20":6,"21":12,"22":12,"23":4,"24":4,"25":64,"26":2,"27":62,"28":62,"29":20,"30":42,"31":42,"32":18,"33":24,"34":24,"35":24,"36":132,"37":132,"38":132,"39":132,"40":132,"41":2,"42":2,"43":2,"44":28,"45":32,"46":32,"47":6,"48":26,"49":26,"50":0,"51":26,"52":26,"53":416,"54":26,"55":26,"56":26,"57":26,"58":2,"59":22,"60":22,"61":12,"62":10,"63":10,"64":2,"65":8,"66":12,"67":12,"68":4,"69":8,"70":2,"71":6,"72":6,"73":6,"74":2,"75":6,"76":12,"77":12,"78":4,"79":8,"80":0,"81":8,"82":8,"83":8,"84":8,"85":2,"86":8,"87":2,"88":8,"89":2,"90":8,"91":2,"92":8,"93":10,"94":10,"95":4,"96":6,"97":0,"98":6,"99":6,"100":6,"101":6,"102":2,"103":6,"104":2,"105":6,"106":2,"107":2,"108":2,"109":0,"110":0,"111":0,"112":0,"113":0,"114":0,"115":0,"116":0,"117":0,"118":0,"119":0,"120":0,"121":0,"122":0,"123":0,"124":0,"125":0,"126":6,"127":6,"128":2,"129":4,"130":4,"131":2,"132":2,"133":0,"134":0,"135":0,"136":0,"137":0,"138":0,"139":0,"140":0,"141":0,"142":0,"143":0,"144":0,"145":0,"146":0,"147":0,"148":0,"149":0,"150":0,"151":0,"152":0,"153":4,"154":4,"155":2,"156":2,"157":2,"158":2,"159":2,"160":2,"161":4,"162":0,"163":0,"164":0,"165":0,"166":0,"167":0,"168":0,"169":0,"170":0,"171":0,"172":0,"173":0,"174":8,"175":6,"176":2,"177":2,"178":2,"179":0,"180":0,"181":0,"182":0,"183":0,"184":0,"185":0,"186":0,"187":0,"188":0,"189":0,"190":0,"191":0,"192":0,"193":0,"194":0,"195":0,"196":0,"197":2,"198":2,"199":2,"200":0,"201":0,"202":0,"203":0,"204":0,"205":0,"206":0,"207":4,"208":4,"209":0,"210":4,"211":4,"212":2,"213":2,"214":0,"215":0,"216":0,"217":0,"218":0,"219":0,"220":0,"221":0,"222":0,"223":0,"224":0,"225":0,"226":0,"227":0,"228":0,"229":0,"230":0,"231":0,"232":0,"233":0,"234":0,"235":0,"236":0,"237":0,"238":0,"239":0,"240":0,"241":0,"242":0,"243":0,"244":0,"245":0,"246":0,"247":0,"248":0,"249":0,"250":0,"251":0,"252":0,"253":0,"254":0,"255":0,"256":0,"257":0,"258":0,"259":0,"260":0,"261":0,"262":2,"263":2,"264":2,"265":0,"266":0,"267":0,"268":2,"269":2,"270":2,"271":0,"272":0,"273":0,"274":0,"275":0,"276":0,"277":0,"278":0,"279":0,"280":0,"281":0,"282":0,"283":0,"284":0,"285":0,"286":0,"287":0,"288":0,"289":0,"290":2,"291":2,"292":0,"293":2,"294":2,"295":2,"296":0,"297":2,"298":2,"299":2,"300":0,"301":2,"302":2,"303":2,"304":2,"305":0,"306":0,"307":0,"308":0,"309":0,"310":0,"311":0,"312":0,"313":0,"314":0,"315":0,"316":0,"317":0,"318":0,"319":0,"320":0,"321":0,"322":0,"323":0,"324":0,"325":0,"326":0,"327":0,"328":0,"329":0,"330":0,"331":0,"332":0,"333":0,"334":0,"335":0,"336":0,"337":0,"338":0,"339":0,"340":0,"341":0,"342":0,"343":0,"344":0,"345":0,"346":0,"347":0,"348":0,"349":0,"350":0,"351":0,"352":0,"353":0,"354":0,"355":0,"356":0,"357":0,"358":0,"359":0,"360":0,"361":0,"362":0,"363":0,"364":0,"365":0,"366":0,"367":0,"368":0,"369":0,"370":0,"371":0,"372":0,"373":0,"374":0,"375":0,"376":0,"377":0,"378":0,"379":0,"380":0,"381":0,"382":0,"383":0},"f":{"0":0,"1":134,"2":22,"3":64,"4":132,"5":28,"6":32,"7":416,"8":22,"9":12,"10":12,"11":10,"12":2,"13":0,"14":0,"15":0,"16":6,"17":0,"18":0,"19":0,"20":4,"21":2,"22":4,"23":0,"24":0,"25":8,"26":0,"27":0,"28":2,"29":0,"30":4,"31":0,"32":0,"33":0,"34":0,"35":0,"36":0,"37":2,"38":2,"39":0,"40":0,"41":0,"42":0,"43":2,"44":2,"45":2,"46":2,"47":0,"48":0,"49":0,"50":0,"51":0,"52":0,"53":0,"54":0},"b":{"0":[6,128],"1":[134,132],"2":[6,12],"3":[6,4],"4":[2,2],"5":[2,10],"6":[12,2],"7":[12,0],"8":[2,2],"9":[2,62],"10":[20,42],"11":[62,44,42,42],"12":[18,24],"13":[42,18],"14":[6,26],"15":[32,26,26,26],"16":[0,26],"17":[26,0,0],"18":[12,10],"19":[2,8],"20":[4,8],"21":[12,10,8,8],"22":[2,6],"23":[8,6,6],"24":[2,4],"25":[6,2],"26":[4,8],"27":[12,10,8,8],"28":[0,8],"29":[8,8,8],"30":[2,6],"31":[2,6],"32":[2,6],"33":[2,6],"34":[8,4],"35":[4,6],"36":[10,8,6,6],"37":[0,6],"38":[6,6,6],"39":[2,4],"40":[2,4],"41":[2,0],"42":[0,0],"43":[0,0],"44":[0,0],"45":[0,0],"46":[0,0],"47":[0,0],"48":[0,0],"49":[0,0],"50":[0,0],"51":[0,0],"52":[0,0],"53":[2,4],"54":[2,0],"55":[0,0],"56":[0,0],"57":[0,0],"58":[0,0],"59":[0,0],"60":[2,2],"61":[2,0],"62":[2,0],"63":[2,2],"64":[0,0],"65":[0,0],"66":[0,0],"67":[0,0],"68":[8],"69":[6,2],"70":[2,0],"71":[0,0],"72":[0],"73":[0,0],"74":[0,0],"75":[0],"76":[0,0],"77":[0,0],"78":[2,0],"79":[0,0],"80":[0,0],"81":[0,0],"82":[0,4],"83":[0,0],"84":[0,0],"85":[0,0],"86":[0,0],"87":[0,0],"88":[0,0],"89":[0,0],"90":[0,0],"91":[0,0],"92":[0,0],"93":[0,0],"94":[0,0],"95":[0,0],"96":[0,0],"97":[0,0],"98":[0,0],"99":[2,0],"100":[0,0],"101":[0,0],"102":[0,0],"103":[2,0],"104":[2,0],"105":[0,0],"106":[0,0],"107":[0,0],"108":[0,0],"109":[0,0],"110":[0,0],"111":[0,0],"112":[0,2],"113":[0,2],"114":[0,2],"115":[2,0],"116":[0,0],"117":[0,0],"118":[0,0],"119":[0,0],"120":[0,0],"121":[0,0],"122":[0,0],"123":[0,0],"124":[0,0],"125":[0,0],"126":[0,0],"127":[0,0],"128":[0,0],"129":[0,0],"130":[0,0],"131":[0,0],"132":[0,0,0,0],"133":[0,0],"134":[0,0],"135":[0,0],"136":[0,0],"137":[0,0],"138":[0,0],"139":[0,0],"140":[0,0],"141":[0,0]},"_coverageSchema":"1a1c01bbd47fc00a2c39e90264f33305004495a9","hash":"dd76dae3798bd02cf6603f41908b3f0357642b5a"}
,"/Users/ghenry/Documents/github/substreamer-rn/src/store/artistDetailStore.ts": {"path":"/Users/ghenry/Documents/github/substreamer-rn/src/store/artistDetailStore.ts","statementMap":{"0":{"start":{"line":45,"column":20},"end":{"line":45,"column":48}},"1":{"start":{"line":47,"column":33},"end":{"line":135,"column":1}},"2":{"start":{"line":49,"column":19},"end":{"line":126,"column":5}},"3":{"start":{"line":53,"column":8},"end":{"line":53,"column":35}},"4":{"start":{"line":55,"column":27},"end":{"line":55,"column":46}},"5":{"start":{"line":56,"column":8},"end":{"line":56,"column":37}},"6":{"start":{"line":56,"column":25},"end":{"line":56,"column":37}},"7":{"start":{"line":59,"column":8},"end":{"line":73,"column":9}},"8":{"start":{"line":60,"column":43},"end":{"line":70,"column":11}},"9":{"start":{"line":71,"column":10},"end":{"line":71,"column":62}},"10":{"start":{"line":72,"column":10},"end":{"line":72,"column":23}},"11":{"start":{"line":76,"column":37},"end":{"line":79,"column":10}},"12":{"start":{"line":78,"column":55},"end":{"line":78,"column":68}},"13":{"start":{"line":82,"column":39},"end":{"line":82,"column":43}},"14":{"start":{"line":83,"column":42},"end":{"line":83,"column":46}},"15":{"start":{"line":84,"column":28},"end":{"line":84,"column":98}},"16":{"start":{"line":85,"column":8},"end":{"line":104,"column":9}},"17":{"start":{"line":86,"column":10},"end":{"line":86,"column":34}},"18":{"start":{"line":87,"column":10},"end":{"line":89,"column":20}},"19":{"start":{"line":91,"column":10},"end":{"line":103,"column":11}},"20":{"start":{"line":92,"column":29},"end":{"line":92,"column":71}},"21":{"start":{"line":93,"column":25},"end":{"line":95,"column":58}},"22":{"start":{"line":96,"column":12},"end":{"line":96,"column":32}},"23":{"start":{"line":97,"column":12},"end":{"line":100,"column":13}},"24":{"start":{"line":98,"column":28},"end":{"line":98,"column":58}},"25":{"start":{"line":99,"column":14},"end":{"line":99,"column":66}},"26":{"start":{"line":99,"column":25},"end":{"line":99,"column":66}},"27":{"start":{"line":106,"column":41},"end":{"line":113,"column":9}},"28":{"start":{"line":115,"column":8},"end":{"line":120,"column":11}},"29":{"start":{"line":122,"column":8},"end":{"line":122,"column":21}},"30":{"start":{"line":125,"column":26},"end":{"line":125,"column":46}},"31":{"start":{"line":129,"column":39},"end":{"line":129,"column":52}},"32":{"start":{"line":130,"column":30},"end":{"line":132,"column":7}}},"fnMap":{"0":{"name":"(anonymous_0)","decl":{"start":{"line":49,"column":4},"end":{"line":49,"column":5}},"loc":{"start":{"line":49,"column":19},"end":{"line":126,"column":5}},"line":49},"1":{"name":"(anonymous_1)","decl":{"start":{"line":52,"column":19},"end":{"line":52,"column":20}},"loc":{"start":{"line":52,"column":41},"end":{"line":123,"column":7}},"line":52},"2":{"name":"(anonymous_2)","decl":{"start":{"line":78,"column":49},"end":{"line":78,"column":50}},"loc":{"start":{"line":78,"column":55},"end":{"line":78,"column":68}},"line":78},"3":{"name":"(anonymous_3)","decl":{"start":{"line":125,"column":20},"end":{"line":125,"column":21}},"loc":{"start":{"line":125,"column":26},"end":{"line":125,"column":46}},"line":125},"4":{"name":"(anonymous_4)","decl":{"start":{"line":129,"column":33},"end":{"line":129,"column":34}},"loc":{"start":{"line":129,"column":39},"end":{"line":129,"column":52}},"line":129},"5":{"name":"(anonymous_5)","decl":{"start":{"line":130,"column":18},"end":{"line":130,"column":19}},"loc":{"start":{"line":130,"column":30},"end":{"line":132,"column":7}},"line":130}},"branchMap":{"0":{"loc":{"start":{"line":56,"column":8},"end":{"line":56,"column":37}},"type":"if","locations":[{"start":{"line":56,"column":8},"end":{"line":56,"column":37}},{"start":{},"end":{}}],"line":56},"1":{"loc":{"start":{"line":59,"column":8},"end":{"line":73,"column":9}},"type":"if","locations":[{"start":{"line":59,"column":8},"end":{"line":73,"column":9}},{"start":{},"end":{}}],"line":59},"2":{"loc":{"start":{"line":84,"column":28},"end":{"line":84,"column":98}},"type":"cond-expr","locations":[{"start":{"line":84,"column":50},"end":{"line":84,"column":91}},{"start":{"line":84,"column":94},"end":{"line":84,"column":98}}],"line":84},"3":{"loc":{"start":{"line":85,"column":8},"end":{"line":104,"column":9}},"type":"if","locations":[{"start":{"line":85,"column":8},"end":{"line":104,"column":9}},{"start":{"line":90,"column":15},"end":{"line":104,"column":9}}],"line":85},"4":{"loc":{"start":{"line":85,"column":12},"end":{"line":85,"column":49}},"type":"binary-expr","locations":[{"start":{"line":85,"column":12},"end":{"line":85,"column":23}},{"start":{"line":85,"column":27},"end":{"line":85,"column":49}}],"line":85},"5":{"loc":{"start":{"line":87,"column":25},"end":{"line":89,"column":19}},"type":"binary-expr","locations":[{"start":{"line":87,"column":25},"end":{"line":87,"column":73}},{"start":{"line":88,"column":15},"end":{"line":88,"column":38}},{"start":{"line":89,"column":15},"end":{"line":89,"column":19}}],"line":87},"6":{"loc":{"start":{"line":93,"column":25},"end":{"line":95,"column":58}},"type":"binary-expr","locations":[{"start":{"line":93,"column":25},"end":{"line":93,"column":39}},{"start":{"line":94,"column":17},"end":{"line":94,"column":40}},{"start":{"line":95,"column":18},"end":{"line":95,"column":57}}],"line":93},"7":{"loc":{"start":{"line":97,"column":12},"end":{"line":100,"column":13}},"type":"if","locations":[{"start":{"line":97,"column":12},"end":{"line":100,"column":13}},{"start":{},"end":{}}],"line":97},"8":{"loc":{"start":{"line":99,"column":14},"end":{"line":99,"column":66}},"type":"if","locations":[{"start":{"line":99,"column":14},"end":{"line":99,"column":66}},{"start":{},"end":{}}],"line":99}},"s":{"0":2,"1":2,"2":2,"3":12,"4":12,"5":12,"6":2,"7":10,"8":8,"9":8,"10":8,"11":2,"12":0,"13":2,"14":2,"15":2,"16":2,"17":2,"18":2,"19":0,"20":0,"21":0,"22":0,"23":0,"24":0,"25":0,"26":0,"27":2,"28":2,"29":2,"30":12,"31":2,"32":22},"f":{"0":2,"1":12,"2":0,"3":12,"4":2,"5":22},"b":{"0":[2,10],"1":[8,2],"2":[2,0],"3":[2,0],"4":[2,2],"5":[2,2,2],"6":[0,0,0],"7":[0,0],"8":[0,0]},"_coverageSchema":"1a1c01bbd47fc00a2c39e90264f33305004495a9","hash":"568a115e05e51c80f3f418bbfa1af85d7d0dff49"}
}
