TN:
SF:src/services/subsonicService.ts
FN:21,(anonymous_0)
FN:30,normalizeServerUrl
FN:47,login
FN:81,getApi
FN:101,clearApiCache
FN:126,isVariousArtists
FN:130,ensureCoverArtAuth
FN:137,(anonymous_7)
FN:157,stripCoverArtSuffix
FN:165,getCoverArtUrl
FN:187,getStreamUrl
FN:231,getDownloadStreamUrl
FN:258,getRecentlyAddedAlbums
FN:265,getRecentlyPlayedAlbums
FN:272,getFrequentlyPlayedAlbums
FN:279,getRandomAlbums
FN:286,getAlbum
FN:301,searchAllAlbums
FN:316,getAlbumListAlphabetical
FN:334,getAllAlbumsAlphabetical
FN:352,getAllArtists
FN:357,(anonymous_21)
FN:358,(anonymous_22)
FN:368,getArtist
FN:379,getArtistInfo2
FN:395,getTopSongs
FN:411,getSimilarSongs
FN:426,getSimilarSongs2
FN:440,getAllPlaylists
FN:450,getPlaylist
FN:460,deletePlaylist
FN:476,updatePlaylistOrder
FN:494,createNewPlaylist
FN:511,addToPlaylist
FN:528,removeFromPlaylist
FN:542,fetchServerInfo
FN:565,(anonymous_36)
FN:592,getStarred2
FN:612,search3
FN:640,starAlbum
FN:649,unstarAlbum
FN:658,starArtist
FN:667,unstarArtist
FN:676,starSong
FN:685,unstarSong
FN:695,setRating
FN:715,getScanStatus
FN:735,startScan
FN:755,getShares
FN:766,createShare
FN:790,createShareMultiple
FN:805,(anonymous_51)
FN:824,(anonymous_52)
FN:838,updateShare
FN:856,deleteShare
FNF:55
FNH:25
FNDA:0,(anonymous_0)
FNDA:134,normalizeServerUrl
FNDA:22,login
FNDA:64,getApi
FNDA:132,clearApiCache
FNDA:28,isVariousArtists
FNDA:32,ensureCoverArtAuth
FNDA:416,(anonymous_7)
FNDA:22,stripCoverArtSuffix
FNDA:12,getCoverArtUrl
FNDA:12,getStreamUrl
FNDA:10,getDownloadStreamUrl
FNDA:2,getRecentlyAddedAlbums
FNDA:0,getRecentlyPlayedAlbums
FNDA:0,getFrequentlyPlayedAlbums
FNDA:0,getRandomAlbums
FNDA:6,getAlbum
FNDA:0,searchAllAlbums
FNDA:0,getAlbumListAlphabetical
FNDA:0,getAllAlbumsAlphabetical
FNDA:4,getAllArtists
FNDA:2,(anonymous_21)
FNDA:4,(anonymous_22)
FNDA:0,getArtist
FNDA:0,getArtistInfo2
FNDA:8,getTopSongs
FNDA:0,getSimilarSongs
FNDA:0,getSimilarSongs2
FNDA:2,getAllPlaylists
FNDA:0,getPlaylist
FNDA:4,deletePlaylist
FNDA:0,updatePlaylistOrder
FNDA:0,createNewPlaylist
FNDA:0,addToPlaylist
FNDA:0,removeFromPlaylist
FNDA:0,fetchServerInfo
FNDA:0,(anonymous_36)
FNDA:2,getStarred2
FNDA:2,search3
FNDA:0,starAlbum
FNDA:0,unstarAlbum
FNDA:0,starArtist
FNDA:0,unstarArtist
FNDA:2,starSong
FNDA:2,unstarSong
FNDA:2,setRating
FNDA:2,getScanStatus
FNDA:0,startScan
FNDA:0,getShares
FNDA:0,createShare
FNDA:0,createShareMultiple
FNDA:0,(anonymous_51)
FNDA:0,(anonymous_52)
FNDA:0,updateShare
FNDA:0,deleteShare
DA:20,2
DA:22,0
DA:23,0
DA:28,2
DA:31,134
DA:32,134
DA:33,6
DA:35,134
DA:38,2
DA:39,2
DA:41,2
DA:42,2
DA:43,2
DA:52,22
DA:53,22
DA:60,22
DA:61,22
DA:63,18
DA:64,6
DA:66,6
DA:67,6
DA:71,12
DA:74,12
DA:76,4
DA:77,4
DA:82,64
DA:83,62
DA:84,62
DA:85,20
DA:87,42
DA:88,42
DA:89,18
DA:91,24
DA:97,24
DA:98,24
DA:102,132
DA:103,132
DA:104,132
DA:105,132
DA:106,132
DA:115,2
DA:118,2
DA:123,2
DA:127,28
DA:131,32
DA:132,32
DA:133,26
DA:134,26
DA:135,26
DA:136,26
DA:137,416
DA:139,26
DA:144,26
DA:145,26
DA:146,26
DA:155,2
DA:158,22
DA:159,22
DA:160,10
DA:161,10
DA:162,8
DA:166,12
DA:167,12
DA:168,8
DA:169,6
DA:170,6
DA:178,6
DA:179,6
DA:191,12
DA:192,12
DA:193,8
DA:194,8
DA:195,8
DA:206,8
DA:207,8
DA:208,2
DA:210,8
DA:211,2
DA:213,8
DA:214,2
DA:218,8
DA:219,2
DA:222,8
DA:232,10
DA:233,10
DA:234,6
DA:235,6
DA:236,6
DA:247,6
DA:248,6
DA:249,2
DA:251,6
DA:252,2
DA:255,6
DA:259,2
DA:260,2
DA:261,0
DA:262,0
DA:266,0
DA:267,0
DA:268,0
DA:269,0
DA:273,0
DA:274,0
DA:275,0
DA:276,0
DA:280,0
DA:281,0
DA:282,0
DA:283,0
DA:287,6
DA:288,6
DA:289,4
DA:290,4
DA:291,2
DA:293,2
DA:302,0
DA:303,0
DA:304,0
DA:310,0
DA:320,0
DA:321,0
DA:322,0
DA:327,0
DA:335,0
DA:336,0
DA:337,0
DA:339,0
DA:340,0
DA:341,0
DA:342,0
DA:343,0
DA:345,0
DA:353,4
DA:354,4
DA:355,2
DA:356,2
DA:357,2
DA:358,2
DA:359,4
DA:369,0
DA:370,0
DA:371,0
DA:372,0
DA:380,0
DA:381,0
DA:382,0
DA:383,0
DA:384,0
DA:387,0
DA:396,8
DA:397,2
DA:398,2
DA:399,0
DA:400,0
DA:401,0
DA:403,0
DA:412,0
DA:413,0
DA:414,0
DA:415,0
DA:416,0
DA:418,0
DA:427,0
DA:428,0
DA:429,0
DA:430,0
DA:431,0
DA:433,0
DA:441,2
DA:442,2
DA:443,0
DA:444,0
DA:451,0
DA:452,0
DA:453,0
DA:454,0
DA:461,4
DA:462,4
DA:463,4
DA:464,4
DA:465,2
DA:467,2
DA:481,0
DA:482,0
DA:483,0
DA:484,0
DA:485,0
DA:487,0
DA:498,0
DA:499,0
DA:500,0
DA:501,0
DA:502,0
DA:504,0
DA:515,0
DA:516,0
DA:517,0
DA:518,0
DA:519,0
DA:521,0
DA:532,0
DA:533,0
DA:534,0
DA:535,0
DA:536,0
DA:538,0
DA:543,0
DA:544,0
DA:546,0
DA:547,0
DA:548,0
DA:550,0
DA:551,0
DA:554,0
DA:556,0
DA:560,0
DA:561,0
DA:562,0
DA:563,0
DA:564,0
DA:565,0
DA:575,0
DA:584,0
DA:597,2
DA:598,2
DA:599,0
DA:600,0
DA:601,0
DA:617,2
DA:618,2
DA:619,0
DA:625,0
DA:626,0
DA:641,0
DA:642,0
DA:643,0
DA:650,0
DA:651,0
DA:652,0
DA:659,0
DA:660,0
DA:661,0
DA:668,0
DA:669,0
DA:670,0
DA:677,2
DA:678,2
DA:679,2
DA:686,2
DA:687,2
DA:688,2
DA:696,2
DA:697,2
DA:698,2
DA:716,2
DA:717,2
DA:718,0
DA:719,0
DA:720,0
DA:727,0
DA:736,0
DA:737,0
DA:738,0
DA:739,0
DA:740,0
DA:747,0
DA:756,0
DA:757,0
DA:758,0
DA:759,0
DA:760,0
DA:762,0
DA:771,0
DA:772,0
DA:773,0
DA:774,0
DA:775,0
DA:776,0
DA:777,0
DA:778,0
DA:779,0
DA:781,0
DA:795,0
DA:796,0
DA:798,0
DA:799,0
DA:801,0
DA:802,0
DA:803,0
DA:804,0
DA:805,0
DA:807,0
DA:813,0
DA:821,0
DA:822,0
DA:824,0
DA:825,0
DA:827,0
DA:828,0
DA:829,0
DA:830,0
DA:831,0
DA:832,0
DA:834,0
DA:843,0
DA:844,0
DA:845,0
DA:846,0
DA:847,0
DA:848,0
DA:849,0
DA:850,0
DA:852,0
DA:857,0
DA:858,0
DA:859,0
DA:860,0
DA:861,0
DA:863,0
LF:320
LH:133
BRDA:32,0,0,6
BRDA:32,0,1,128
BRDA:32,1,0,134
BRDA:32,1,1,132
BRDA:63,2,0,6
BRDA:63,2,1,12
BRDA:66,3,0,6
BRDA:66,3,1,4
BRDA:66,4,0,2
BRDA:66,4,1,2
BRDA:71,5,0,2
BRDA:71,5,1,10
BRDA:71,6,0,12
BRDA:71,6,1,2
BRDA:74,7,0,12
BRDA:74,7,1,0
BRDA:76,8,0,2
BRDA:76,8,1,2
BRDA:82,9,0,2
BRDA:82,9,1,62
BRDA:84,10,0,20
BRDA:84,10,1,42
BRDA:84,11,0,62
BRDA:84,11,1,44
BRDA:84,11,2,42
BRDA:84,11,3,42
BRDA:88,12,0,18
BRDA:88,12,1,24
BRDA:88,13,0,42
BRDA:88,13,1,18
BRDA:132,14,0,6
BRDA:132,14,1,26
BRDA:132,15,0,32
BRDA:132,15,1,26
BRDA:132,15,2,26
BRDA:132,15,3,26
BRDA:134,16,0,0
BRDA:134,16,1,26
BRDA:134,17,0,26
BRDA:134,17,1,0
BRDA:134,17,2,0
BRDA:159,18,0,12
BRDA:159,18,1,10
BRDA:161,19,0,2
BRDA:161,19,1,8
BRDA:167,20,0,4
BRDA:167,20,1,8
BRDA:167,21,0,12
BRDA:167,21,1,10
BRDA:167,21,2,8
BRDA:167,21,3,8
BRDA:168,22,0,2
BRDA:168,22,1,6
BRDA:168,23,0,8
BRDA:168,23,1,6
BRDA:168,23,2,6
BRDA:178,24,0,2
BRDA:178,24,1,4
BRDA:178,25,0,6
BRDA:178,25,1,2
BRDA:192,26,0,4
BRDA:192,26,1,8
BRDA:192,27,0,12
BRDA:192,27,1,10
BRDA:192,27,2,8
BRDA:192,27,3,8
BRDA:193,28,0,0
BRDA:193,28,1,8
BRDA:193,29,0,8
BRDA:193,29,1,8
BRDA:193,29,2,8
BRDA:207,30,0,2
BRDA:207,30,1,6
BRDA:210,31,0,2
BRDA:210,31,1,6
BRDA:213,32,0,2
BRDA:213,32,1,6
BRDA:218,33,0,2
BRDA:218,33,1,6
BRDA:218,34,0,8
BRDA:218,34,1,4
BRDA:233,35,0,4
BRDA:233,35,1,6
BRDA:233,36,0,10
BRDA:233,36,1,8
BRDA:233,36,2,6
BRDA:233,36,3,6
BRDA:234,37,0,0
BRDA:234,37,1,6
BRDA:234,38,0,6
BRDA:234,38,1,6
BRDA:234,38,2,6
BRDA:248,39,0,2
BRDA:248,39,1,4
BRDA:251,40,0,2
BRDA:251,40,1,4
BRDA:260,41,0,2
BRDA:260,41,1,0
BRDA:261,42,0,0
BRDA:261,42,1,0
BRDA:262,43,0,0
BRDA:262,43,1,0
BRDA:267,44,0,0
BRDA:267,44,1,0
BRDA:268,45,0,0
BRDA:268,45,1,0
BRDA:269,46,0,0
BRDA:269,46,1,0
BRDA:274,47,0,0
BRDA:274,47,1,0
BRDA:275,48,0,0
BRDA:275,48,1,0
BRDA:276,49,0,0
BRDA:276,49,1,0
BRDA:281,50,0,0
BRDA:281,50,1,0
BRDA:282,51,0,0
BRDA:282,51,1,0
BRDA:283,52,0,0
BRDA:283,52,1,0
BRDA:288,53,0,2
BRDA:288,53,1,4
BRDA:291,54,0,2
BRDA:291,54,1,0
BRDA:303,55,0,0
BRDA:303,55,1,0
BRDA:310,56,0,0
BRDA:310,56,1,0
BRDA:321,57,0,0
BRDA:321,57,1,0
BRDA:327,58,0,0
BRDA:327,58,1,0
BRDA:342,59,0,0
BRDA:342,59,1,0
BRDA:354,60,0,2
BRDA:354,60,1,2
BRDA:356,61,0,2
BRDA:356,61,1,0
BRDA:357,62,0,2
BRDA:357,62,1,0
BRDA:359,63,0,2
BRDA:359,63,1,2
BRDA:370,64,0,0
BRDA:370,64,1,0
BRDA:372,65,0,0
BRDA:372,65,1,0
BRDA:381,66,0,0
BRDA:381,66,1,0
BRDA:384,67,0,0
BRDA:384,67,1,0
BRDA:395,68,0,8
BRDA:396,69,0,6
BRDA:396,69,1,2
BRDA:398,70,0,2
BRDA:398,70,1,0
BRDA:401,71,0,0
BRDA:401,71,1,0
BRDA:411,72,0,0
BRDA:413,73,0,0
BRDA:413,73,1,0
BRDA:416,74,0,0
BRDA:416,74,1,0
BRDA:426,75,0,0
BRDA:428,76,0,0
BRDA:428,76,1,0
BRDA:431,77,0,0
BRDA:431,77,1,0
BRDA:442,78,0,2
BRDA:442,78,1,0
BRDA:444,79,0,0
BRDA:444,79,1,0
BRDA:452,80,0,0
BRDA:452,80,1,0
BRDA:454,81,0,0
BRDA:454,81,1,0
BRDA:462,82,0,0
BRDA:462,82,1,4
BRDA:482,83,0,0
BRDA:482,83,1,0
BRDA:499,84,0,0
BRDA:499,84,1,0
BRDA:516,85,0,0
BRDA:516,85,1,0
BRDA:533,86,0,0
BRDA:533,86,1,0
BRDA:544,87,0,0
BRDA:544,87,1,0
BRDA:548,88,0,0
BRDA:548,88,1,0
BRDA:550,89,0,0
BRDA:550,89,1,0
BRDA:552,90,0,0
BRDA:552,90,1,0
BRDA:554,91,0,0
BRDA:554,91,1,0
BRDA:554,92,0,0
BRDA:554,92,1,0
BRDA:556,93,0,0
BRDA:556,93,1,0
BRDA:556,94,0,0
BRDA:556,94,1,0
BRDA:561,95,0,0
BRDA:561,95,1,0
BRDA:564,96,0,0
BRDA:564,96,1,0
BRDA:564,97,0,0
BRDA:564,97,1,0
BRDA:567,98,0,0
BRDA:567,98,1,0
BRDA:598,99,0,2
BRDA:598,99,1,0
BRDA:602,100,0,0
BRDA:602,100,1,0
BRDA:603,101,0,0
BRDA:603,101,1,0
BRDA:604,102,0,0
BRDA:604,102,1,0
BRDA:618,103,0,2
BRDA:618,103,1,0
BRDA:618,104,0,2
BRDA:618,104,1,0
BRDA:627,105,0,0
BRDA:627,105,1,0
BRDA:628,106,0,0
BRDA:628,106,1,0
BRDA:629,107,0,0
BRDA:629,107,1,0
BRDA:642,108,0,0
BRDA:642,108,1,0
BRDA:651,109,0,0
BRDA:651,109,1,0
BRDA:660,110,0,0
BRDA:660,110,1,0
BRDA:669,111,0,0
BRDA:669,111,1,0
BRDA:678,112,0,0
BRDA:678,112,1,2
BRDA:687,113,0,0
BRDA:687,113,1,2
BRDA:697,114,0,0
BRDA:697,114,1,2
BRDA:717,115,0,2
BRDA:717,115,1,0
BRDA:722,116,0,0
BRDA:722,116,1,0
BRDA:723,117,0,0
BRDA:723,117,1,0
BRDA:724,118,0,0
BRDA:724,118,1,0
BRDA:737,119,0,0
BRDA:737,119,1,0
BRDA:739,120,0,0
BRDA:739,120,1,0
BRDA:742,121,0,0
BRDA:742,121,1,0
BRDA:757,122,0,0
BRDA:757,122,1,0
BRDA:760,123,0,0
BRDA:760,123,1,0
BRDA:772,124,0,0
BRDA:772,124,1,0
BRDA:775,125,0,0
BRDA:775,125,1,0
BRDA:776,126,0,0
BRDA:776,126,1,0
BRDA:778,127,0,0
BRDA:778,127,1,0
BRDA:779,128,0,0
BRDA:779,128,1,0
BRDA:795,129,0,0
BRDA:795,129,1,0
BRDA:796,130,0,0
BRDA:796,130,1,0
BRDA:799,131,0,0
BRDA:799,131,1,0
BRDA:799,132,0,0
BRDA:799,132,1,0
BRDA:799,132,2,0
BRDA:799,132,3,0
BRDA:821,133,0,0
BRDA:821,133,1,0
BRDA:822,134,0,0
BRDA:822,134,1,0
BRDA:830,135,0,0
BRDA:830,135,1,0
BRDA:831,136,0,0
BRDA:831,136,1,0
BRDA:832,137,0,0
BRDA:832,137,1,0
BRDA:844,138,0,0
BRDA:844,138,1,0
BRDA:847,139,0,0
BRDA:847,139,1,0
BRDA:848,140,0,0
BRDA:848,140,1,0
BRDA:858,141,0,0
BRDA:858,141,1,0
BRF:297
BRH:113
end_of_record
TN:
SF:src/store/artistDetailStore.ts
FN:49,(anonymous_0)
FN:52,(anonymous_1)
FN:78,(anonymous_2)
FN:125,(anonymous_3)
FN:129,(anonymous_4)
FN:130,(anonymous_5)
FNF:6
FNH:5
FNDA:2,(anonymous_0)
FNDA:12,(anonymous_1)
FNDA:0,(anonymous_2)
FNDA:12,(anonymous_3)
FNDA:2,(anonymous_4)
FNDA:22,(anonymous_5)
DA:45,2
DA:47,2
DA:49,2
DA:53,12
DA:55,12
DA:56,12
DA:59,10
DA:60,8
DA:71,8
DA:72,8
DA:76,2
DA:78,0
DA:82,2
DA:83,2
DA:84,2
DA:85,2
DA:86,2
DA:87,2
DA:91,0
DA:92,0
DA:93,0
DA:96,0
DA:97,0
DA:98,0
DA:99,0
DA:106,2
DA:115,2
DA:122,2
DA:125,12
DA:129,2
DA:130,22
LF:31
LH:23
BRDA:56,0,0,2
BRDA:56,0,1,10
BRDA:59,1,0,8
BRDA:59,1,1,2
BRDA:84,2,0,2
BRDA:84,2,1,0
BRDA:85,3,0,2
BRDA:85,3,1,0
BRDA:85,4,0,2
BRDA:85,4,1,2
BRDA:87,5,0,2
BRDA:87,5,1,2
BRDA:87,5,2,2
BRDA:93,6,0,0
BRDA:93,6,1,0
BRDA:93,6,2,0
BRDA:97,7,0,0
BRDA:97,7,1,0
BRDA:99,8,0,0
BRDA:99,8,1,0
BRF:20
BRH:11
end_of_record
